#
# A fatal error has been detected by the Java Runtime Environment:
#
#  EXCEPTION_ACCESS_VIOLATION (0xc0000005) at pc=0x00007ff804a26200, pid=12324, tid=15152
#
# JRE version: Java(TM) SE Runtime Environment 18.9 (11.0.13+10) (build 11.0.13+10-LTS-370)
# Java VM: Java HotSpot(TM) 64-Bit Server VM 18.9 (11.0.13+10-LTS-370, mixed mode, tiered, compressed oops, g1 gc, windows-amd64)
# Problematic frame:
# C  [MMMReaderJava.dll+0x6200]
#
# No core dump will be written. Minidumps are not enabled by default on client versions of Windows
#
# If you would like to submit a bug report, please visit:
#   https://bugreport.java.com/bugreport/crash.jsp
# The crash happened outside the Java Virtual Machine in native code.
# See problematic frame for where to report the bug.
#

---------------  S U M M A R Y ------------

Command Line: -javaagent:C:\Program Files\JetBrains\IntelliJ IDEA Community Edition 2021.3.1\lib\idea_rt.jar=58865:C:\Program Files\JetBrains\IntelliJ IDEA Community Edition 2021.3.1\bin -Dfile.encoding=UTF-8 com.reader.KioskScanner

Host: Intel(R) Core(TM) i5-6500 CPU @ 3.20GHz, 4 cores, 7G,  Windows 10 , 64 bit Build 19041 (10.0.19041.1466)
Time: Wed Jan 19 22:15:33 2022 Central Standard Time elapsed time: 11.081852 seconds (0d 0h 0m 11s)

---------------  T H R E A D  ---------------

Current thread (0x000001f8e34a5000):  JavaThread "main" [_thread_in_native, id=15152, stack(0x000000b6c5e00000,0x000000b6c5f00000)]

Stack: [0x000000b6c5e00000,0x000000b6c5f00000],  sp=0x000000b6c5efed10,  free space=1019k
Native frames: (J=compiled Java code, j=interpreted, Vv=VM code, C=native code)
C  [MMMReaderJava.dll+0x6200]

Java frames: (J=compiled Java code, j=interpreted, Vv=VM code)
j  com.mmm.readers.interop.Marshal.ConstructCodelineData([B)Lcom/mmm/readers/CodelineData;+0
j  com.mmm.readers.FullPage.Reader.ConstructCodelineData([B)Lcom/mmm/readers/CodelineData;+1
j  com.reader.KioskScanner.documentActionPerformed()V+131
j  com.reader.KioskScanner.kioskScanner()V+42
j  com.reader.KioskScanner.main([Ljava/lang/String;)V+9
v  ~StubRoutines::call_stub

siginfo: EXCEPTION_ACCESS_VIOLATION (0xc0000005), reading address 0x000000b6c5f00000


Register to memory mapping:

RIP=0x00007ff804a26200 MMMReaderJava.dll
RAX=0x000001f8843a7b58 points into unknown readable memory: 0x000000008850a9c0 | c0 a9 50 88 00 00 00 00
RBX=0x000001f8feb0ffa8 is a global jni handle
RCX=0x000001f8e34a5000 is a thread
RDX=0x0000000088509c40 is an oop: java.lang.ArrayIndexOutOfBoundsException 
{0x0000000088509c40} - klass: 'java/lang/ArrayIndexOutOfBoundsException'
RSP=0x000000b6c5efed10 is pointing into the stack for thread: 0x000001f8e34a5000
RBP=0x000001f8843a7b58 points into unknown readable memory: 0x000000008850a9c0 | c0 a9 50 88 00 00 00 00
RSI=0x000000b6c5effffd is pointing into the stack for thread: 0x000001f8e34a5000
RDI=0x000001f8e34a5348 points into unknown readable memory: 0x00007fffc7ecfd00 | 00 fd ec c7 ff 7f 00 00
R8 =0x00007fffc7d6b898 jvm.dll
R9 =0x0000000000000a3d is an unknown value
R10=0x000001f8e34a5000 is a thread
R11=0x000000b6c5efecb0 is pointing into the stack for thread: 0x000001f8e34a5000
R12=0x0 is NULL
R13={method} {0x000001f8ff132820} 'ConstructCodelineData' '([B)Lcom/mmm/readers/CodelineData;' in 'com/mmm/readers/interop/Marshal'
R14=0x000001f8feadaf58 points into unknown readable memory: 0x00000000886f2930 | 30 29 6f 88 00 00 00 00
R15=0x000001f8e34a5000 is a thread


Registers:
RAX=0x000001f8843a7b58, RBX=0x000001f8feb0ffa8, RCX=0x000001f8e34a5000, RDX=0x0000000088509c40
RSP=0x000000b6c5efed10, RBP=0x000001f8843a7b58, RSI=0x000000b6c5effffd, RDI=0x000001f8e34a5348
R8 =0x00007fffc7d6b898, R9 =0x0000000000000a3d, R10=0x000001f8e34a5000, R11=0x000000b6c5efecb0
R12=0x0000000000000000, R13=0x000001f8ff132818, R14=0x000001f8feadaf58, R15=0x000001f8e34a5000
RIP=0x00007ff804a26200, EFLAGS=0x0000000000010202

Top of Stack: (sp=0x000000b6c5efed10)
0x000000b6c5efed10:   000001f8feb0ffa8 000001f8feadaec0
0x000000b6c5efed20:   000001f8ff4dc850 0000000000000a3d
0x000000b6c5efed30:   00000000000000b8 00007ff804a2678a
0x000000b6c5efed40:   000001f8e34a5348 000001f8feadaec0
0x000000b6c5efed50:   000000b6c5efeda0 000000b6c5efeda0
0x000000b6c5efed60:   000000b6c5eff2e5 000000b6c5eff430
0x000000b6c5efed70:   000000b6c5eff430 00007ff804a257d2
0x000000b6c5efed80:   000000b6c5eff430 000001f8ff6b9540
0x000000b6c5efed90:   000000b6c5eff410 000001f8e34a5348
0x000000b6c5efeda0:   524f424153553c50 5248433c3c4e4547
0x000000b6c5efedb0:   524548504f545349 3c3c3c4e4145533c
0x000000b6c5efedc0:   3c3c3c3c3c3c3c3c 3933350d3c3c3c3c
0x000000b6c5efedd0:   5536303433383430 3332373031394153
0x000000b6c5efede0:   3931313036324d34 3732363332373231
0x000000b6c5efedf0:   39333734333c3439 0000000000000d30
0x000000b6c5efee00:   0000000000000000 0000000000000000 

Instructions: (pc=0x00007ff804a26200)
0x00007ff804a261e0:   0f 84 5f 01 00 00 4c 8b c0 48 8b d3 48 8b cf e8
0x00007ff804a261f0:   9c bb ff ff 48 8b e8 48 85 c0 0f 84 45 01 00 00
0x00007ff804a26200:   44 8b 0e 48 8b cf 4c 8b 05 a3 b1 00 00 48 8b 15
0x00007ff804a26210:   3c ae 00 00 e8 87 37 00 00 4c 8b 17 4c 8d 0d b5 


Stack slot to memory mapping:
stack at sp + 0 slots: 0x000001f8feb0ffa8 is a global jni handle
stack at sp + 1 slots: 0x000001f8feadaec0 points into unknown readable memory: 0x00000000886f24f0 | f0 24 6f 88 00 00 00 00
stack at sp + 2 slots: 0x000001f8ff4dc850 points into unknown readable memory: 0x000001f8ff0de5c8 | c8 e5 0d ff f8 01 00 00
stack at sp + 3 slots: 0x0000000000000a3d is an unknown value
stack at sp + 4 slots: 0x00000000000000b8 is an unknown value
stack at sp + 5 slots: 0x00007ff804a2678a MMMReaderJava.dll
stack at sp + 6 slots: 0x000001f8e34a5348 points into unknown readable memory: 0x00007fffc7ecfd00 | 00 fd ec c7 ff 7f 00 00
stack at sp + 7 slots: 0x000001f8feadaec0 points into unknown readable memory: 0x00000000886f24f0 | f0 24 6f 88 00 00 00 00


---------------  P R O C E S S  ---------------

Threads class SMR info:
_java_thread_list=0x000001f8ff82aa00, length=11, elements={
0x000001f8e34a5000, 0x000001f8feafd800, 0x000001f8feb09800, 0x000001f8ff4a2800,
0x000001f8ff4a3800, 0x000001f8feb13000, 0x000001f8feb17000, 0x000001f8feb1a800,
0x000001f8feb40000, 0x000001f8ff5db800, 0x000001f8ff5dd800
}

Java Threads: ( => current thread )
=>0x000001f8e34a5000 JavaThread "main" [_thread_in_native, id=15152, stack(0x000000b6c5e00000,0x000000b6c5f00000)]
  0x000001f8feafd800 JavaThread "Reference Handler" daemon [_thread_blocked, id=15832, stack(0x000000b6c6500000,0x000000b6c6600000)]
  0x000001f8feb09800 JavaThread "Finalizer" daemon [_thread_blocked, id=14344, stack(0x000000b6c6600000,0x000000b6c6700000)]
  0x000001f8ff4a2800 JavaThread "Signal Dispatcher" daemon [_thread_blocked, id=11388, stack(0x000000b6c6700000,0x000000b6c6800000)]
  0x000001f8ff4a3800 JavaThread "Attach Listener" daemon [_thread_blocked, id=13576, stack(0x000000b6c6800000,0x000000b6c6900000)]
  0x000001f8feb13000 JavaThread "Service Thread" daemon [_thread_blocked, id=9472, stack(0x000000b6c6900000,0x000000b6c6a00000)]
  0x000001f8feb17000 JavaThread "C2 CompilerThread0" daemon [_thread_blocked, id=14064, stack(0x000000b6c6a00000,0x000000b6c6b00000)]
  0x000001f8feb1a800 JavaThread "C1 CompilerThread0" daemon [_thread_blocked, id=3404, stack(0x000000b6c6b00000,0x000000b6c6c00000)]
  0x000001f8feb40000 JavaThread "Sweeper thread" daemon [_thread_blocked, id=15572, stack(0x000000b6c6c00000,0x000000b6c6d00000)]
  0x000001f8ff5db800 JavaThread "Common-Cleaner" daemon [_thread_blocked, id=14832, stack(0x000000b6c6d00000,0x000000b6c6e00000)]
  0x000001f8ff5dd800 JavaThread "Monitor Ctrl-Break" daemon [_thread_in_native, id=6724, stack(0x000000b6c6e00000,0x000000b6c6f00000)]

Other Threads:
  0x000001f8feada000 VMThread "VM Thread" [stack: 0x000000b6c6400000,0x000000b6c6500000] [id=15088]
  0x000001f8ff6a5000 WatcherThread [stack: 0x000000b6c6f00000,0x000000b6c7000000] [id=3512]
  0x000001f8e34bc800 GCTaskThread "GC Thread#0" [stack: 0x000000b6c5f00000,0x000000b6c6000000] [id=11572]
  0x000001f8e34ec800 ConcurrentGCThread "G1 Main Marker" [stack: 0x000000b6c6000000,0x000000b6c6100000] [id=8392]
  0x000001f8e34ee000 ConcurrentGCThread "G1 Conc#0" [stack: 0x000000b6c6100000,0x000000b6c6200000] [id=11232]
  0x000001f8e3581000 ConcurrentGCThread "G1 Refine#0" [stack: 0x000000b6c6200000,0x000000b6c6300000] [id=10920]
  0x000001f8e3582000 ConcurrentGCThread "G1 Young RemSet Sampling" [stack: 0x000000b6c6300000,0x000000b6c6400000] [id=9580]

Threads with active compile tasks:

VM state:not at safepoint (normal execution)

VM Mutex/Monitor currently owned by a thread: None

Heap address: 0x0000000080a00000, size: 2038 MB, Compressed Oops mode: 32-bit
Narrow klass base: 0x0000000000000000, Narrow klass shift: 3
Compressed class space size: 1073741824 Address: 0x0000000100000000

Heap:
 garbage-first heap   total 131072K, used 4096K [0x0000000080a00000, 0x0000000100000000)
  region size 1024K, 5 young (5120K), 0 survivors (0K)
 Metaspace       used 7699K, capacity 7871K, committed 8064K, reserved 1056768K
  class space    used 722K, capacity 791K, committed 896K, reserved 1048576K
Heap Regions: E=young(eden), S=young(survivor), O=old, HS=humongous(starts), HC=humongous(continues), CS=collection set, F=free, A=archive, TAMS=top-at-mark-start (previous, next)
|   0|0x0000000080a00000, 0x0000000080a00000, 0x0000000080b00000|  0%| F|  |TAMS 0x0000000080a00000, 0x0000000080a00000| Untracked 
|   1|0x0000000080b00000, 0x0000000080b00000, 0x0000000080c00000|  0%| F|  |TAMS 0x0000000080b00000, 0x0000000080b00000| Untracked 
|   2|0x0000000080c00000, 0x0000000080c00000, 0x0000000080d00000|  0%| F|  |TAMS 0x0000000080c00000, 0x0000000080c00000| Untracked 
|   3|0x0000000080d00000, 0x0000000080d00000, 0x0000000080e00000|  0%| F|  |TAMS 0x0000000080d00000, 0x0000000080d00000| Untracked 
|   4|0x0000000080e00000, 0x0000000080e00000, 0x0000000080f00000|  0%| F|  |TAMS 0x0000000080e00000, 0x0000000080e00000| Untracked 
|   5|0x0000000080f00000, 0x0000000080f00000, 0x0000000081000000|  0%| F|  |TAMS 0x0000000080f00000, 0x0000000080f00000| Untracked 
|   6|0x0000000081000000, 0x0000000081000000, 0x0000000081100000|  0%| F|  |TAMS 0x0000000081000000, 0x0000000081000000| Untracked 
|   7|0x0000000081100000, 0x0000000081100000, 0x0000000081200000|  0%| F|  |TAMS 0x0000000081100000, 0x0000000081100000| Untracked 
|   8|0x0000000081200000, 0x0000000081200000, 0x0000000081300000|  0%| F|  |TAMS 0x0000000081200000, 0x0000000081200000| Untracked 
|   9|0x0000000081300000, 0x0000000081300000, 0x0000000081400000|  0%| F|  |TAMS 0x0000000081300000, 0x0000000081300000| Untracked 
|  10|0x0000000081400000, 0x0000000081400000, 0x0000000081500000|  0%| F|  |TAMS 0x0000000081400000, 0x0000000081400000| Untracked 
|  11|0x0000000081500000, 0x0000000081500000, 0x0000000081600000|  0%| F|  |TAMS 0x0000000081500000, 0x0000000081500000| Untracked 
|  12|0x0000000081600000, 0x0000000081600000, 0x0000000081700000|  0%| F|  |TAMS 0x0000000081600000, 0x0000000081600000| Untracked 
|  13|0x0000000081700000, 0x0000000081700000, 0x0000000081800000|  0%| F|  |TAMS 0x0000000081700000, 0x0000000081700000| Untracked 
|  14|0x0000000081800000, 0x0000000081800000, 0x0000000081900000|  0%| F|  |TAMS 0x0000000081800000, 0x0000000081800000| Untracked 
|  15|0x0000000081900000, 0x0000000081900000, 0x0000000081a00000|  0%| F|  |TAMS 0x0000000081900000, 0x0000000081900000| Untracked 
|  16|0x0000000081a00000, 0x0000000081a00000, 0x0000000081b00000|  0%| F|  |TAMS 0x0000000081a00000, 0x0000000081a00000| Untracked 
|  17|0x0000000081b00000, 0x0000000081b00000, 0x0000000081c00000|  0%| F|  |TAMS 0x0000000081b00000, 0x0000000081b00000| Untracked 
|  18|0x0000000081c00000, 0x0000000081c00000, 0x0000000081d00000|  0%| F|  |TAMS 0x0000000081c00000, 0x0000000081c00000| Untracked 
|  19|0x0000000081d00000, 0x0000000081d00000, 0x0000000081e00000|  0%| F|  |TAMS 0x0000000081d00000, 0x0000000081d00000| Untracked 
|  20|0x0000000081e00000, 0x0000000081e00000, 0x0000000081f00000|  0%| F|  |TAMS 0x0000000081e00000, 0x0000000081e00000| Untracked 
|  21|0x0000000081f00000, 0x0000000081f00000, 0x0000000082000000|  0%| F|  |TAMS 0x0000000081f00000, 0x0000000081f00000| Untracked 
|  22|0x0000000082000000, 0x0000000082000000, 0x0000000082100000|  0%| F|  |TAMS 0x0000000082000000, 0x0000000082000000| Untracked 
|  23|0x0000000082100000, 0x0000000082100000, 0x0000000082200000|  0%| F|  |TAMS 0x0000000082100000, 0x0000000082100000| Untracked 
|  24|0x0000000082200000, 0x0000000082200000, 0x0000000082300000|  0%| F|  |TAMS 0x0000000082200000, 0x0000000082200000| Untracked 
|  25|0x0000000082300000, 0x0000000082300000, 0x0000000082400000|  0%| F|  |TAMS 0x0000000082300000, 0x0000000082300000| Untracked 
|  26|0x0000000082400000, 0x0000000082400000, 0x0000000082500000|  0%| F|  |TAMS 0x0000000082400000, 0x0000000082400000| Untracked 
|  27|0x0000000082500000, 0x0000000082500000, 0x0000000082600000|  0%| F|  |TAMS 0x0000000082500000, 0x0000000082500000| Untracked 
|  28|0x0000000082600000, 0x0000000082600000, 0x0000000082700000|  0%| F|  |TAMS 0x0000000082600000, 0x0000000082600000| Untracked 
|  29|0x0000000082700000, 0x0000000082700000, 0x0000000082800000|  0%| F|  |TAMS 0x0000000082700000, 0x0000000082700000| Untracked 
|  30|0x0000000082800000, 0x0000000082800000, 0x0000000082900000|  0%| F|  |TAMS 0x0000000082800000, 0x0000000082800000| Untracked 
|  31|0x0000000082900000, 0x0000000082900000, 0x0000000082a00000|  0%| F|  |TAMS 0x0000000082900000, 0x0000000082900000| Untracked 
|  32|0x0000000082a00000, 0x0000000082a00000, 0x0000000082b00000|  0%| F|  |TAMS 0x0000000082a00000, 0x0000000082a00000| Untracked 
|  33|0x0000000082b00000, 0x0000000082b00000, 0x0000000082c00000|  0%| F|  |TAMS 0x0000000082b00000, 0x0000000082b00000| Untracked 
|  34|0x0000000082c00000, 0x0000000082c00000, 0x0000000082d00000|  0%| F|  |TAMS 0x0000000082c00000, 0x0000000082c00000| Untracked 
|  35|0x0000000082d00000, 0x0000000082d00000, 0x0000000082e00000|  0%| F|  |TAMS 0x0000000082d00000, 0x0000000082d00000| Untracked 
|  36|0x0000000082e00000, 0x0000000082e00000, 0x0000000082f00000|  0%| F|  |TAMS 0x0000000082e00000, 0x0000000082e00000| Untracked 
|  37|0x0000000082f00000, 0x0000000082f00000, 0x0000000083000000|  0%| F|  |TAMS 0x0000000082f00000, 0x0000000082f00000| Untracked 
|  38|0x0000000083000000, 0x0000000083000000, 0x0000000083100000|  0%| F|  |TAMS 0x0000000083000000, 0x0000000083000000| Untracked 
|  39|0x0000000083100000, 0x0000000083100000, 0x0000000083200000|  0%| F|  |TAMS 0x0000000083100000, 0x0000000083100000| Untracked 
|  40|0x0000000083200000, 0x0000000083200000, 0x0000000083300000|  0%| F|  |TAMS 0x0000000083200000, 0x0000000083200000| Untracked 
|  41|0x0000000083300000, 0x0000000083300000, 0x0000000083400000|  0%| F|  |TAMS 0x0000000083300000, 0x0000000083300000| Untracked 
|  42|0x0000000083400000, 0x0000000083400000, 0x0000000083500000|  0%| F|  |TAMS 0x0000000083400000, 0x0000000083400000| Untracked 
|  43|0x0000000083500000, 0x0000000083500000, 0x0000000083600000|  0%| F|  |TAMS 0x0000000083500000, 0x0000000083500000| Untracked 
|  44|0x0000000083600000, 0x0000000083600000, 0x0000000083700000|  0%| F|  |TAMS 0x0000000083600000, 0x0000000083600000| Untracked 
|  45|0x0000000083700000, 0x0000000083700000, 0x0000000083800000|  0%| F|  |TAMS 0x0000000083700000, 0x0000000083700000| Untracked 
|  46|0x0000000083800000, 0x0000000083800000, 0x0000000083900000|  0%| F|  |TAMS 0x0000000083800000, 0x0000000083800000| Untracked 
|  47|0x0000000083900000, 0x0000000083900000, 0x0000000083a00000|  0%| F|  |TAMS 0x0000000083900000, 0x0000000083900000| Untracked 
|  48|0x0000000083a00000, 0x0000000083a00000, 0x0000000083b00000|  0%| F|  |TAMS 0x0000000083a00000, 0x0000000083a00000| Untracked 
|  49|0x0000000083b00000, 0x0000000083b00000, 0x0000000083c00000|  0%| F|  |TAMS 0x0000000083b00000, 0x0000000083b00000| Untracked 
|  50|0x0000000083c00000, 0x0000000083c00000, 0x0000000083d00000|  0%| F|  |TAMS 0x0000000083c00000, 0x0000000083c00000| Untracked 
|  51|0x0000000083d00000, 0x0000000083d00000, 0x0000000083e00000|  0%| F|  |TAMS 0x0000000083d00000, 0x0000000083d00000| Untracked 
|  52|0x0000000083e00000, 0x0000000083e00000, 0x0000000083f00000|  0%| F|  |TAMS 0x0000000083e00000, 0x0000000083e00000| Untracked 
|  53|0x0000000083f00000, 0x0000000083f00000, 0x0000000084000000|  0%| F|  |TAMS 0x0000000083f00000, 0x0000000083f00000| Untracked 
|  54|0x0000000084000000, 0x0000000084000000, 0x0000000084100000|  0%| F|  |TAMS 0x0000000084000000, 0x0000000084000000| Untracked 
|  55|0x0000000084100000, 0x0000000084100000, 0x0000000084200000|  0%| F|  |TAMS 0x0000000084100000, 0x0000000084100000| Untracked 
|  56|0x0000000084200000, 0x0000000084200000, 0x0000000084300000|  0%| F|  |TAMS 0x0000000084200000, 0x0000000084200000| Untracked 
|  57|0x0000000084300000, 0x0000000084300000, 0x0000000084400000|  0%| F|  |TAMS 0x0000000084300000, 0x0000000084300000| Untracked 
|  58|0x0000000084400000, 0x0000000084400000, 0x0000000084500000|  0%| F|  |TAMS 0x0000000084400000, 0x0000000084400000| Untracked 
|  59|0x0000000084500000, 0x0000000084500000, 0x0000000084600000|  0%| F|  |TAMS 0x0000000084500000, 0x0000000084500000| Untracked 
|  60|0x0000000084600000, 0x0000000084600000, 0x0000000084700000|  0%| F|  |TAMS 0x0000000084600000, 0x0000000084600000| Untracked 
|  61|0x0000000084700000, 0x0000000084700000, 0x0000000084800000|  0%| F|  |TAMS 0x0000000084700000, 0x0000000084700000| Untracked 
|  62|0x0000000084800000, 0x0000000084800000, 0x0000000084900000|  0%| F|  |TAMS 0x0000000084800000, 0x0000000084800000| Untracked 
|  63|0x0000000084900000, 0x0000000084900000, 0x0000000084a00000|  0%| F|  |TAMS 0x0000000084900000, 0x0000000084900000| Untracked 
|  64|0x0000000084a00000, 0x0000000084a00000, 0x0000000084b00000|  0%| F|  |TAMS 0x0000000084a00000, 0x0000000084a00000| Untracked 
|  65|0x0000000084b00000, 0x0000000084b00000, 0x0000000084c00000|  0%| F|  |TAMS 0x0000000084b00000, 0x0000000084b00000| Untracked 
|  66|0x0000000084c00000, 0x0000000084c00000, 0x0000000084d00000|  0%| F|  |TAMS 0x0000000084c00000, 0x0000000084c00000| Untracked 
|  67|0x0000000084d00000, 0x0000000084d00000, 0x0000000084e00000|  0%| F|  |TAMS 0x0000000084d00000, 0x0000000084d00000| Untracked 
|  68|0x0000000084e00000, 0x0000000084e00000, 0x0000000084f00000|  0%| F|  |TAMS 0x0000000084e00000, 0x0000000084e00000| Untracked 
|  69|0x0000000084f00000, 0x0000000084f00000, 0x0000000085000000|  0%| F|  |TAMS 0x0000000084f00000, 0x0000000084f00000| Untracked 
|  70|0x0000000085000000, 0x0000000085000000, 0x0000000085100000|  0%| F|  |TAMS 0x0000000085000000, 0x0000000085000000| Untracked 
|  71|0x0000000085100000, 0x0000000085100000, 0x0000000085200000|  0%| F|  |TAMS 0x0000000085100000, 0x0000000085100000| Untracked 
|  72|0x0000000085200000, 0x0000000085200000, 0x0000000085300000|  0%| F|  |TAMS 0x0000000085200000, 0x0000000085200000| Untracked 
|  73|0x0000000085300000, 0x0000000085300000, 0x0000000085400000|  0%| F|  |TAMS 0x0000000085300000, 0x0000000085300000| Untracked 
|  74|0x0000000085400000, 0x0000000085400000, 0x0000000085500000|  0%| F|  |TAMS 0x0000000085400000, 0x0000000085400000| Untracked 
|  75|0x0000000085500000, 0x0000000085500000, 0x0000000085600000|  0%| F|  |TAMS 0x0000000085500000, 0x0000000085500000| Untracked 
|  76|0x0000000085600000, 0x0000000085600000, 0x0000000085700000|  0%| F|  |TAMS 0x0000000085600000, 0x0000000085600000| Untracked 
|  77|0x0000000085700000, 0x0000000085700000, 0x0000000085800000|  0%| F|  |TAMS 0x0000000085700000, 0x0000000085700000| Untracked 
|  78|0x0000000085800000, 0x0000000085800000, 0x0000000085900000|  0%| F|  |TAMS 0x0000000085800000, 0x0000000085800000| Untracked 
|  79|0x0000000085900000, 0x0000000085900000, 0x0000000085a00000|  0%| F|  |TAMS 0x0000000085900000, 0x0000000085900000| Untracked 
|  80|0x0000000085a00000, 0x0000000085a00000, 0x0000000085b00000|  0%| F|  |TAMS 0x0000000085a00000, 0x0000000085a00000| Untracked 
|  81|0x0000000085b00000, 0x0000000085b00000, 0x0000000085c00000|  0%| F|  |TAMS 0x0000000085b00000, 0x0000000085b00000| Untracked 
|  82|0x0000000085c00000, 0x0000000085c00000, 0x0000000085d00000|  0%| F|  |TAMS 0x0000000085c00000, 0x0000000085c00000| Untracked 
|  83|0x0000000085d00000, 0x0000000085d00000, 0x0000000085e00000|  0%| F|  |TAMS 0x0000000085d00000, 0x0000000085d00000| Untracked 
|  84|0x0000000085e00000, 0x0000000085e00000, 0x0000000085f00000|  0%| F|  |TAMS 0x0000000085e00000, 0x0000000085e00000| Untracked 
|  85|0x0000000085f00000, 0x0000000085f00000, 0x0000000086000000|  0%| F|  |TAMS 0x0000000085f00000, 0x0000000085f00000| Untracked 
|  86|0x0000000086000000, 0x0000000086000000, 0x0000000086100000|  0%| F|  |TAMS 0x0000000086000000, 0x0000000086000000| Untracked 
|  87|0x0000000086100000, 0x0000000086100000, 0x0000000086200000|  0%| F|  |TAMS 0x0000000086100000, 0x0000000086100000| Untracked 
|  88|0x0000000086200000, 0x0000000086200000, 0x0000000086300000|  0%| F|  |TAMS 0x0000000086200000, 0x0000000086200000| Untracked 
|  89|0x0000000086300000, 0x0000000086300000, 0x0000000086400000|  0%| F|  |TAMS 0x0000000086300000, 0x0000000086300000| Untracked 
|  90|0x0000000086400000, 0x0000000086400000, 0x0000000086500000|  0%| F|  |TAMS 0x0000000086400000, 0x0000000086400000| Untracked 
|  91|0x0000000086500000, 0x0000000086500000, 0x0000000086600000|  0%| F|  |TAMS 0x0000000086500000, 0x0000000086500000| Untracked 
|  92|0x0000000086600000, 0x0000000086600000, 0x0000000086700000|  0%| F|  |TAMS 0x0000000086600000, 0x0000000086600000| Untracked 
|  93|0x0000000086700000, 0x0000000086700000, 0x0000000086800000|  0%| F|  |TAMS 0x0000000086700000, 0x0000000086700000| Untracked 
|  94|0x0000000086800000, 0x0000000086800000, 0x0000000086900000|  0%| F|  |TAMS 0x0000000086800000, 0x0000000086800000| Untracked 
|  95|0x0000000086900000, 0x0000000086900000, 0x0000000086a00000|  0%| F|  |TAMS 0x0000000086900000, 0x0000000086900000| Untracked 
|  96|0x0000000086a00000, 0x0000000086a00000, 0x0000000086b00000|  0%| F|  |TAMS 0x0000000086a00000, 0x0000000086a00000| Untracked 
|  97|0x0000000086b00000, 0x0000000086b00000, 0x0000000086c00000|  0%| F|  |TAMS 0x0000000086b00000, 0x0000000086b00000| Untracked 
|  98|0x0000000086c00000, 0x0000000086c00000, 0x0000000086d00000|  0%| F|  |TAMS 0x0000000086c00000, 0x0000000086c00000| Untracked 
|  99|0x0000000086d00000, 0x0000000086d00000, 0x0000000086e00000|  0%| F|  |TAMS 0x0000000086d00000, 0x0000000086d00000| Untracked 
| 100|0x0000000086e00000, 0x0000000086e00000, 0x0000000086f00000|  0%| F|  |TAMS 0x0000000086e00000, 0x0000000086e00000| Untracked 
| 101|0x0000000086f00000, 0x0000000086f00000, 0x0000000087000000|  0%| F|  |TAMS 0x0000000086f00000, 0x0000000086f00000| Untracked 
| 102|0x0000000087000000, 0x0000000087000000, 0x0000000087100000|  0%| F|  |TAMS 0x0000000087000000, 0x0000000087000000| Untracked 
| 103|0x0000000087100000, 0x0000000087100000, 0x0000000087200000|  0%| F|  |TAMS 0x0000000087100000, 0x0000000087100000| Untracked 
| 104|0x0000000087200000, 0x0000000087200000, 0x0000000087300000|  0%| F|  |TAMS 0x0000000087200000, 0x0000000087200000| Untracked 
| 105|0x0000000087300000, 0x0000000087300000, 0x0000000087400000|  0%| F|  |TAMS 0x0000000087300000, 0x0000000087300000| Untracked 
| 106|0x0000000087400000, 0x0000000087400000, 0x0000000087500000|  0%| F|  |TAMS 0x0000000087400000, 0x0000000087400000| Untracked 
| 107|0x0000000087500000, 0x0000000087500000, 0x0000000087600000|  0%| F|  |TAMS 0x0000000087500000, 0x0000000087500000| Untracked 
| 108|0x0000000087600000, 0x0000000087600000, 0x0000000087700000|  0%| F|  |TAMS 0x0000000087600000, 0x0000000087600000| Untracked 
| 109|0x0000000087700000, 0x0000000087700000, 0x0000000087800000|  0%| F|  |TAMS 0x0000000087700000, 0x0000000087700000| Untracked 
| 110|0x0000000087800000, 0x0000000087800000, 0x0000000087900000|  0%| F|  |TAMS 0x0000000087800000, 0x0000000087800000| Untracked 
| 111|0x0000000087900000, 0x0000000087900000, 0x0000000087a00000|  0%| F|  |TAMS 0x0000000087900000, 0x0000000087900000| Untracked 
| 112|0x0000000087a00000, 0x0000000087a00000, 0x0000000087b00000|  0%| F|  |TAMS 0x0000000087a00000, 0x0000000087a00000| Untracked 
| 113|0x0000000087b00000, 0x0000000087b00000, 0x0000000087c00000|  0%| F|  |TAMS 0x0000000087b00000, 0x0000000087b00000| Untracked 
| 114|0x0000000087c00000, 0x0000000087c00000, 0x0000000087d00000|  0%| F|  |TAMS 0x0000000087c00000, 0x0000000087c00000| Untracked 
| 115|0x0000000087d00000, 0x0000000087d00000, 0x0000000087e00000|  0%| F|  |TAMS 0x0000000087d00000, 0x0000000087d00000| Untracked 
| 116|0x0000000087e00000, 0x0000000087e00000, 0x0000000087f00000|  0%| F|  |TAMS 0x0000000087e00000, 0x0000000087e00000| Untracked 
| 117|0x0000000087f00000, 0x0000000087f00000, 0x0000000088000000|  0%| F|  |TAMS 0x0000000087f00000, 0x0000000087f00000| Untracked 
| 118|0x0000000088000000, 0x0000000088000000, 0x0000000088100000|  0%| F|  |TAMS 0x0000000088000000, 0x0000000088000000| Untracked 
| 119|0x0000000088100000, 0x0000000088100000, 0x0000000088200000|  0%| F|  |TAMS 0x0000000088100000, 0x0000000088100000| Untracked 
| 120|0x0000000088200000, 0x0000000088200000, 0x0000000088300000|  0%| F|  |TAMS 0x0000000088200000, 0x0000000088200000| Untracked 
| 121|0x0000000088300000, 0x0000000088300000, 0x0000000088400000|  0%| F|  |TAMS 0x0000000088300000, 0x0000000088300000| Untracked 
| 122|0x0000000088400000, 0x0000000088400000, 0x0000000088500000|  0%| F|  |TAMS 0x0000000088400000, 0x0000000088400000| Untracked 
| 123|0x0000000088500000, 0x00000000885483f0, 0x0000000088600000| 28%| E|  |TAMS 0x0000000088500000, 0x0000000088500000| Complete 
| 124|0x0000000088600000, 0x0000000088700000, 0x0000000088700000|100%| E|CS|TAMS 0x0000000088600000, 0x0000000088600000| Complete 
| 125|0x0000000088700000, 0x0000000088800000, 0x0000000088800000|100%| E|CS|TAMS 0x0000000088700000, 0x0000000088700000| Complete 
| 126|0x0000000088800000, 0x0000000088900000, 0x0000000088900000|100%| E|CS|TAMS 0x0000000088800000, 0x0000000088800000| Complete 
| 127|0x0000000088900000, 0x0000000088a00000, 0x0000000088a00000|100%| E|CS|TAMS 0x0000000088900000, 0x0000000088900000| Complete 

Card table byte_map: [0x000001f8fbce0000,0x000001f8fc0e0000] _byte_map_base: 0x000001f8fb8db000

Marking Bits (Prev, Next): (CMBitMap*) 0x000001f8e34e3af8, (CMBitMap*) 0x000001f8e34e3b30
 Prev Bits: [0x000001f8fc4e0000, 0x000001f8fe4b8000)
 Next Bits: [0x000001f880000000, 0x000001f881fd8000)

Polling page: 0x000001f8ec290000

Metaspace:

Usage:
  Non-class:      6.91 MB capacity,     6.81 MB ( 99%) used,    95.88 KB (  1%) free+waste,     7.50 KB ( <1%) overhead. 
      Class:    791.00 KB capacity,   722.86 KB ( 91%) used,    64.52 KB (  8%) free+waste,     3.63 KB ( <1%) overhead. 
       Both:      7.69 MB capacity,     7.52 MB ( 98%) used,   160.39 KB (  2%) free+waste,    11.13 KB ( <1%) overhead. 

Virtual space:
  Non-class space:        8.00 MB reserved,       7.00 MB ( 88%) committed 
      Class space:        1.00 GB reserved,     896.00 KB ( <1%) committed 
             Both:        1.01 GB reserved,       7.88 MB ( <1%) committed 

Chunk freelists:
   Non-Class:  3.00 KB
       Class:  1.13 KB
        Both:  4.13 KB

CodeHeap 'non-profiled nmethods': size=120064Kb used=109Kb max_used=109Kb free=119954Kb
 bounds [0x000001f8f3d70000, 0x000001f8f3fe0000, 0x000001f8fb2b0000]
CodeHeap 'profiled nmethods': size=120000Kb used=514Kb max_used=514Kb free=119485Kb
 bounds [0x000001f8ec840000, 0x000001f8ecab0000, 0x000001f8f3d70000]
CodeHeap 'non-nmethods': size=5696Kb used=1064Kb max_used=1076Kb free=4631Kb
 bounds [0x000001f8ec2b0000, 0x000001f8ec520000, 0x000001f8ec840000]
 total_blobs=753 nmethods=393 adapters=272
 compilation: enabled
              stopped_count=0, restarted_count=0
 full_count=0

Compilation events (10 events):
Event: 10.995 Thread 0x000001f8feb17000 nmethod 388 0x000001f8f3d8ab90 code [0x000001f8f3d8ad00, 0x000001f8f3d8ad98]
Event: 10.995 Thread 0x000001f8feb1a800 nmethod 390 0x000001f8ec8bd590 code [0x000001f8ec8bd740, 0x000001f8ec8bd978]
Event: 10.995 Thread 0x000001f8feb1a800  389       3       jdk.internal.org.objectweb.asm.Frame::get (46 bytes)
Event: 10.996 Thread 0x000001f8feb1a800 nmethod 389 0x000001f8ec8bda90 code [0x000001f8ec8bdc20, 0x000001f8ec8bde18]
Event: 10.996 Thread 0x000001f8feb1a800  391       3       java.lang.invoke.InvokerBytecodeGenerator::emitImplicitConversion (159 bytes)
Event: 10.997 Thread 0x000001f8feb1a800 nmethod 391 0x000001f8ec8bdf10 code [0x000001f8ec8be240, 0x000001f8ec8bf2b8]
Event: 10.997 Thread 0x000001f8feb1a800  383       3       java.lang.invoke.LambdaForm$BasicType::basicType (172 bytes)
Event: 10.997 Thread 0x000001f8feb1a800 nmethod 383 0x000001f8ec8bf810 code [0x000001f8ec8bfaa0, 0x000001f8ec8c06e8]
Event: 10.997 Thread 0x000001f8feb1a800  385       1       java.lang.invoke.DirectMethodHandle::internalMemberName (5 bytes)
Event: 10.997 Thread 0x000001f8feb1a800 nmethod 385 0x000001f8f3d8b290 code [0x000001f8f3d8b420, 0x000001f8f3d8b4d8]

GC Heap History (0 events):
No events

Deoptimization events (6 events):
Event: 0.141 Thread 0x000001f8e34a5000 Uncommon trap: reason=unstable_if action=reinterpret pc=0x000001f8f3d7c958 method=java.lang.String.isLatin1()Z @ 10 c2
Event: 0.164 Thread 0x000001f8e34a5000 Uncommon trap: reason=unstable_if action=reinterpret pc=0x000001f8f3d7d17c method=java.lang.String.charAt(I)C @ 4 c2
Event: 10.975 Thread 0x000001f8e34a5000 Uncommon trap: reason=bimorphic_or_optimized_type_check action=maybe_recompile pc=0x000001f8f3d78c14 method=java.util.AbstractCollection.isEmpty()Z @ 1 c2
Event: 10.975 Thread 0x000001f8e34a5000 Uncommon trap: reason=bimorphic_or_optimized_type_check action=maybe_recompile pc=0x000001f8f3d78c14 method=java.util.AbstractCollection.isEmpty()Z @ 1 c2
Event: 10.976 Thread 0x000001f8e34a5000 Uncommon trap: reason=bimorphic_or_optimized_type_check action=maybe_recompile pc=0x000001f8f3d78c14 method=java.util.AbstractCollection.isEmpty()Z @ 1 c2
Event: 10.977 Thread 0x000001f8e34a5000 Uncommon trap: reason=bimorphic_or_optimized_type_check action=maybe_recompile pc=0x000001f8f3d78c14 method=java.util.AbstractCollection.isEmpty()Z @ 1 c2

Classes redefined (0 events):
No events

Internal exceptions (10 events):
Event: 11.064 Thread 0x000001f8e34a5000 Exception <a 'java/lang/ArrayIndexOutOfBoundsException'{0x0000000088507b80}: -1705565440> (0x0000000088507b80) thrown at [./open/src/hotspot/share/prims/jni.cpp, line 2621]
Event: 11.065 Thread 0x000001f8e34a5000 Exception <a 'java/lang/ArrayIndexOutOfBoundsException'{0x0000000088507ed0}: -1228541956> (0x0000000088507ed0) thrown at [./open/src/hotspot/share/prims/jni.cpp, line 2621]
Event: 11.066 Thread 0x000001f8e34a5000 Exception <a 'java/lang/ArrayIndexOutOfBoundsException'{0x0000000088508218}: 129251> (0x0000000088508218) thrown at [./open/src/hotspot/share/prims/jni.cpp, line 2621]
Event: 11.066 Thread 0x000001f8e34a5000 Exception <a 'java/lang/ArrayIndexOutOfBoundsException'{0x0000000088508560}: 33554435> (0x0000000088508560) thrown at [./open/src/hotspot/share/prims/jni.cpp, line 2621]
Event: 11.067 Thread 0x000001f8e34a5000 Exception <a 'java/lang/ArrayIndexOutOfBoundsException'{0x00000000885088f0}: -3700111> (0x00000000885088f0) thrown at [./open/src/hotspot/share/prims/jni.cpp, line 2621]
Event: 11.068 Thread 0x000001f8e34a5000 Exception <a 'java/lang/ArrayIndexOutOfBoundsException'{0x0000000088508d18}: -119327727> (0x0000000088508d18) thrown at [./open/src/hotspot/share/prims/jni.cpp, line 2621]
Event: 11.068 Thread 0x000001f8e34a5000 Exception <a 'java/lang/ArrayIndexOutOfBoundsException'{0x0000000088509060}: 8386575> (0x0000000088509060) thrown at [./open/src/hotspot/share/prims/jni.cpp, line 2621]
Event: 11.069 Thread 0x000001f8e34a5000 Exception <a 'java/lang/ArrayIndexOutOfBoundsException'{0x00000000885093b0}: 1207959552> (0x00000000885093b0) thrown at [./open/src/hotspot/share/prims/jni.cpp, line 2621]
Event: 11.069 Thread 0x000001f8e34a5000 Exception <a 'java/lang/ArrayIndexOutOfBoundsException'{0x00000000885097d8}: 1358954496> (0x00000000885097d8) thrown at [./open/src/hotspot/share/prims/jni.cpp, line 2621]
Event: 11.070 Thread 0x000001f8e34a5000 Exception <a 'java/lang/ArrayIndexOutOfBoundsException'{0x0000000088509c40}: -315392> (0x0000000088509c40) thrown at [./open/src/hotspot/share/prims/jni.cpp, line 2621]

Events (10 events):
Event: 10.990 loading class sun/invoke/util/ValueConversions$WrapperCache
Event: 10.990 loading class sun/invoke/util/ValueConversions$WrapperCache done
Event: 10.990 loading class java/lang/invoke/BoundMethodHandle$Species_LLLLLLLLLII
Event: 10.990 loading class java/lang/invoke/BoundMethodHandle$Species_LLLLLLLLLII done
Event: 10.992 loading class java/lang/invoke/BoundMethodHandle$Species_LLLLLLLLLIIL
Event: 10.992 loading class java/lang/invoke/BoundMethodHandle$Species_LLLLLLLLLIIL done
Event: 10.994 loading class java/lang/invoke/BoundMethodHandle$Species_LLLLLLLLLIILL
Event: 10.994 loading class java/lang/invoke/BoundMethodHandle$Species_LLLLLLLLLIILL done
Event: 10.996 loading class com/mmm/readers/interop/Marshal
Event: 10.996 loading class com/mmm/readers/interop/Marshal done


Dynamic libraries:
0x00007ff6dda60000 - 0x00007ff6dda6f000 	C:\Program Files\Java\jdk-11.0.13\bin\java.exe
0x00007ff812230000 - 0x00007ff812425000 	C:\WINDOWS\SYSTEM32\ntdll.dll
0x00007ff810380000 - 0x00007ff81043e000 	C:\WINDOWS\System32\KERNEL32.DLL
0x00007ff80f970000 - 0x00007ff80fc38000 	C:\WINDOWS\System32\KERNELBASE.dll
0x00007ff80fc40000 - 0x00007ff80fd40000 	C:\WINDOWS\System32\ucrtbase.dll
0x00007ff80a9a0000 - 0x00007ff80a9b8000 	C:\Program Files\Java\jdk-11.0.13\bin\jli.dll
0x00007ff811920000 - 0x00007ff8119ce000 	C:\WINDOWS\System32\ADVAPI32.dll
0x00007ff811bb0000 - 0x00007ff811c4e000 	C:\WINDOWS\System32\msvcrt.dll
0x00007ff812150000 - 0x00007ff8121ec000 	C:\WINDOWS\System32\sechost.dll
0x00007ff811cc0000 - 0x00007ff811de5000 	C:\WINDOWS\System32\RPCRT4.dll
0x00007ff8119d0000 - 0x00007ff811b71000 	C:\WINDOWS\System32\USER32.dll
0x00007ff80ff00000 - 0x00007ff80ff22000 	C:\WINDOWS\System32\win32u.dll
0x00007ff810270000 - 0x00007ff81029b000 	C:\WINDOWS\System32\GDI32.dll
0x00007ff80fd90000 - 0x00007ff80fe9d000 	C:\WINDOWS\System32\gdi32full.dll
0x00007ff810090000 - 0x00007ff81012d000 	C:\WINDOWS\System32\msvcp_win.dll
0x00007ff806360000 - 0x00007ff80636a000 	C:\WINDOWS\SYSTEM32\VERSION.dll
0x00007ffffb680000 - 0x00007ffffb91a000 	C:\WINDOWS\WinSxS\amd64_microsoft.windows.common-controls_6595b64144ccf1df_6.0.19041.1110_none_60b5254171f9507e\COMCTL32.dll
0x00007ff807f90000 - 0x00007ff807fa5000 	C:\Program Files\Java\jdk-11.0.13\bin\VCRUNTIME140.dll
0x00007ff810830000 - 0x00007ff810860000 	C:\WINDOWS\System32\IMM32.DLL
0x00007ff805550000 - 0x00007ff8055eb000 	C:\Program Files\Java\jdk-11.0.13\bin\msvcp140.dll
0x00007fffc74f0000 - 0x00007fffc8003000 	C:\Program Files\Java\jdk-11.0.13\bin\server\jvm.dll
0x00007ff810b80000 - 0x00007ff810b88000 	C:\WINDOWS\System32\PSAPI.DLL
0x00007ffffd8a0000 - 0x00007ffffd8a9000 	C:\WINDOWS\SYSTEM32\WSOCK32.dll
0x00007ff806330000 - 0x00007ff806357000 	C:\WINDOWS\SYSTEM32\WINMM.dll
0x00007ff811c50000 - 0x00007ff811cbb000 	C:\WINDOWS\System32\WS2_32.dll
0x00007ff80e240000 - 0x00007ff80e252000 	C:\WINDOWS\SYSTEM32\kernel.appcore.dll
0x00007ff80a930000 - 0x00007ff80a940000 	C:\Program Files\Java\jdk-11.0.13\bin\verify.dll
0x00007ff802b10000 - 0x00007ff802cf4000 	C:\WINDOWS\SYSTEM32\DBGHELP.DLL
0x00007ff802ae0000 - 0x00007ff802b0c000 	C:\WINDOWS\SYSTEM32\dbgcore.DLL
0x00007ff810130000 - 0x00007ff8101b2000 	C:\WINDOWS\System32\bcryptPrimitives.dll
0x00007ff805870000 - 0x00007ff805898000 	C:\Program Files\Java\jdk-11.0.13\bin\java.dll
0x00007ff80a8d0000 - 0x00007ff80a8da000 	C:\Program Files\Java\jdk-11.0.13\bin\jimage.dll
0x00007ff807f40000 - 0x00007ff807f4e000 	C:\Program Files\Java\jdk-11.0.13\bin\instrument.dll
0x00007ff807f70000 - 0x00007ff807f86000 	C:\Program Files\Java\jdk-11.0.13\bin\zip.dll
0x00007ff810cc0000 - 0x00007ff811404000 	C:\WINDOWS\System32\SHELL32.dll
0x00007ff80da00000 - 0x00007ff80e195000 	C:\WINDOWS\SYSTEM32\windows.storage.dll
0x00007ff810440000 - 0x00007ff810795000 	C:\WINDOWS\System32\combase.dll
0x00007ff80f390000 - 0x00007ff80f3be000 	C:\WINDOWS\SYSTEM32\Wldp.dll
0x00007ff8120a0000 - 0x00007ff81214d000 	C:\WINDOWS\System32\SHCORE.dll
0x00007ff812040000 - 0x00007ff812095000 	C:\WINDOWS\System32\shlwapi.dll
0x00007ff80f880000 - 0x00007ff80f89f000 	C:\WINDOWS\SYSTEM32\profapi.dll
0x00007ff805850000 - 0x00007ff805869000 	C:\Program Files\Java\jdk-11.0.13\bin\net.dll
0x00007ff808870000 - 0x00007ff80897c000 	C:\WINDOWS\SYSTEM32\WINHTTP.dll
0x00007ff80f0f0000 - 0x00007ff80f15a000 	C:\WINDOWS\system32\mswsock.dll
0x00007ff805530000 - 0x00007ff805542000 	C:\Program Files\Java\jdk-11.0.13\bin\nio.dll
0x00007ff804b20000 - 0x00007ff804b3a000 	C:\Program Files\JetBrains\IntelliJ IDEA Community Edition 2021.3.1\bin\breakgen64.dll
0x00007ff804a20000 - 0x00007ff804a35000 	C:\Program Files\Thales\Gemalto Document Reader SDK x64\3.7.1.16\Bin\MMMReaderJava.dll
0x00007ff800530000 - 0x00007ff80053c000 	C:\WINDOWS\SYSTEM32\VCRUNTIME140_1.dll
0x00007fffbf660000 - 0x00007fffbfaa2000 	C:\Program Files\Thales\Gemalto Document Reader SDK x64\3.7.1.16\Bin\MMMReaderHighLevelAPI.dll
0x00007ff810b90000 - 0x00007ff810cba000 	C:\WINDOWS\System32\ole32.dll
0x00007ffff61e0000 - 0x00007ffff6389000 	C:\WINDOWS\WinSxS\amd64_microsoft.windows.gdiplus_6595b64144ccf1df_1.1.19041.1466_none_91a4907ccc87e3b8\gdiplus.dll
0x00007fffbf0f0000 - 0x00007fffbf654000 	C:\WINDOWS\SYSTEM32\mfc140.dll
0x00007ff811df0000 - 0x00007ff811ebd000 	C:\WINDOWS\System32\OLEAUT32.dll
0x00007fffda1b0000 - 0x00007fffda1fe000 	C:\WINDOWS\SYSTEM32\CONCRT140.dll
0x00007fffee590000 - 0x00007fffee5ab000 	C:\Program Files\Thales\Gemalto Document Reader SDK x64\3.7.1.16\Bin\ErrorHandlerDll.dll
0x00007ff80d200000 - 0x00007ff80d29e000 	C:\WINDOWS\SYSTEM32\UxTheme.dll
0x00007fffbdb20000 - 0x00007fffbe059000 	C:\Program Files\Thales\Gemalto Document Reader SDK x64\3.7.1.16\Bin\MMMReaderLowLevelAPI.dll
0x00007fffd6600000 - 0x00007fffd6643000 	C:\WINDOWS\SYSTEM32\WinSCard.dll
0x00007ff80f6e0000 - 0x00007ff80f714000 	C:\WINDOWS\SYSTEM32\DEVOBJ.dll
0x00007ff80fd40000 - 0x00007ff80fd8e000 	C:\WINDOWS\System32\cfgmgr32.dll
0x00007fffe28e0000 - 0x00007fffe2909000 	C:\Program Files\Thales\Gemalto Document Reader SDK x64\3.7.1.16\Bin\SettingsDll.dll
0x00007fffee570000 - 0x00007fffee58a000 	C:\Program Files\Thales\Gemalto Document Reader SDK x64\3.7.1.16\Bin\DeviceDll.dll
0x00007ff811410000 - 0x00007ff811882000 	C:\WINDOWS\System32\SETUPAPI.dll
0x00007ff80e1d0000 - 0x00007ff80e1dd000 	C:\WINDOWS\SYSTEM32\HID.DLL
0x00007ff80f940000 - 0x00007ff80f967000 	C:\WINDOWS\System32\bcrypt.dll
0x00007ff80fea0000 - 0x00007ff80ff00000 	C:\WINDOWS\System32\WINTRUST.dll
0x00007ff80ff30000 - 0x00007ff810086000 	C:\WINDOWS\System32\CRYPT32.dll
0x00007ff80f520000 - 0x00007ff80f532000 	C:\WINDOWS\SYSTEM32\MSASN1.dll
0x00007fffd65a0000 - 0x00007fffd65f9000 	C:\Program Files\Thales\Gemalto Document Reader SDK x64\3.7.1.16\Bin\ReaderDll.dll
0x00007fffaeae0000 - 0x00007fffb0a57000 	C:\Program Files\Thales\Gemalto Document Reader SDK x64\3.7.1.16\Bin\Core_ImageProcess.dll
0x00007ff80d7c0000 - 0x00007ff80d7cc000 	C:\WINDOWS\SYSTEM32\WINUSB.DLL
0x00007ff811ec0000 - 0x00007ff811fd5000 	C:\WINDOWS\System32\MSCTF.dll
0x00007fffd6560000 - 0x00007fffd659e000 	C:\Program Files\Thales\Gemalto Document Reader SDK x64\3.7.1.16\Bin\ImgDll.dll
0x00007fffecc30000 - 0x00007fffecc44000 	C:\Program Files\Thales\Gemalto Document Reader SDK x64\3.7.1.16\Bin\DocDetectDll.dll
0x00007fffdc370000 - 0x00007fffdc389000 	C:\Program Files\Thales\Gemalto Document Reader SDK x64\3.7.1.16\Bin\RTDecodeWrapper.dll
0x00007fffd4540000 - 0x00007fffd45cd000 	C:\Program Files\Thales\Gemalto Document Reader SDK x64\3.7.1.16\Bin\OCRDll.dll
0x00007fffd63e0000 - 0x00007fffd643b000 	C:\Program Files\Thales\Gemalto Document Reader SDK x64\3.7.1.16\Bin\ParserDll.dll
0x00007fffd0990000 - 0x00007fffd0a0e000 	C:\Program Files\Thales\Gemalto Document Reader SDK x64\3.7.1.16\Bin\eDataValidation.dll
0x00007fffbd7c0000 - 0x00007fffbdb19000 	C:\Program Files\Thales\Gemalto Document Reader SDK x64\3.7.1.16\Bin\rt_libeay32.dll
0x00007fffc6730000 - 0x00007fffc6835000 	C:\Program Files\Thales\Gemalto Document Reader SDK x64\3.7.1.16\Bin\RTePassportAPI_EAC.dll
0x00007fffc6550000 - 0x00007fffc664e000 	C:\Program Files\Thales\Gemalto Document Reader SDK x64\3.7.1.16\Plugins\RTDECODE_1DBarcodes.dll
0x00007fffda9f0000 - 0x00007fffdaa17000 	C:\Program Files\Thales\Gemalto Document Reader SDK x64\3.7.1.16\Plugins\RTDecodeHelper.dll
0x00007fffbcb60000 - 0x00007fffbd7bf000 	C:\Program Files\Thales\Gemalto Document Reader SDK x64\3.7.1.16\Plugins\bc_Module.dll
0x00007fffc6450000 - 0x00007fffc6549000 	C:\Program Files\Thales\Gemalto Document Reader SDK x64\3.7.1.16\Plugins\RTDECODE_AztecCode.dll
0x00007fffae910000 - 0x00007fffaeadb000 	C:\Program Files\Thales\Gemalto Document Reader SDK x64\3.7.1.16\Plugins\RTDECODE_DataMatrix.dll
0x00007fffae290000 - 0x00007fffae910000 	C:\Program Files\Thales\Gemalto Document Reader SDK x64\3.7.1.16\Plugins\RTDECODE_PDF417.dll
0x00007fffae080000 - 0x00007fffae28f000 	C:\Program Files\Thales\Gemalto Document Reader SDK x64\3.7.1.16\Plugins\RTDECODE_QRCode.dll
0x00007ff807850000 - 0x00007ff807a04000 	C:\WINDOWS\SYSTEM32\WindowsCodecs.dll

dbghelp: loaded successfully - version: 4.0.5 - missing functions: none
symbol engine: initialized successfully - sym options: 0x614 - pdb path: .;C:\Program Files\Java\jdk-11.0.13\bin;C:\WINDOWS\SYSTEM32;C:\WINDOWS\WinSxS\amd64_microsoft.windows.common-controls_6595b64144ccf1df_6.0.19041.1110_none_60b5254171f9507e;C:\Program Files\Java\jdk-11.0.13\bin\server;C:\Program Files\JetBrains\IntelliJ IDEA Community Edition 2021.3.1\bin;C:\Program Files\Thales\Gemalto Document Reader SDK x64\3.7.1.16\Bin;C:\WINDOWS\WinSxS\amd64_microsoft.windows.gdiplus_6595b64144ccf1df_1.1.19041.1466_none_91a4907ccc87e3b8;C:\Program Files\Thales\Gemalto Document Reader SDK x64\3.7.1.16\Plugins

VM Arguments:
jvm_args: -javaagent:C:\Program Files\JetBrains\IntelliJ IDEA Community Edition 2021.3.1\lib\idea_rt.jar=58865:C:\Program Files\JetBrains\IntelliJ IDEA Community Edition 2021.3.1\bin -Dfile.encoding=UTF-8 
java_command: com.reader.KioskScanner
java_class_path (initial): C:\Users\Chris\Compoze\Scanner-example\out\production\Scanner-example;C:\Program Files\Thales\Gemalto Document Reader SDK x64\3.7.1.16\SDK\Libraries\mmmreader.jar;C:\Program Files\Thales\Gemalto Document Reader SDK x64\3.7.1.16\SDK\Samples\Java\HLBlocking\HLBlocking.jar
Launcher Type: SUN_STANDARD

[Global flags]
     intx CICompilerCount                          = 3                                         {product} {ergonomic}
     uint ConcGCThreads                            = 1                                         {product} {ergonomic}
     uint G1ConcRefinementThreads                  = 4                                         {product} {ergonomic}
   size_t G1HeapRegionSize                         = 1048576                                   {product} {ergonomic}
    uintx GCDrainStackTargetSize                   = 64                                        {product} {ergonomic}
   size_t InitialHeapSize                          = 134217728                                 {product} {ergonomic}
   size_t MarkStackSize                            = 4194304                                   {product} {ergonomic}
   size_t MaxHeapSize                              = 2136997888                                {product} {ergonomic}
   size_t MaxNewSize                               = 1281359872                                {product} {ergonomic}
   size_t MinHeapDeltaBytes                        = 1048576                                   {product} {ergonomic}
    uintx NonNMethodCodeHeapSize                   = 5830732                                {pd product} {ergonomic}
    uintx NonProfiledCodeHeapSize                  = 122913754                              {pd product} {ergonomic}
    uintx ProfiledCodeHeapSize                     = 122913754                              {pd product} {ergonomic}
    uintx ReservedCodeCacheSize                    = 251658240                              {pd product} {ergonomic}
     bool SegmentedCodeCache                       = true                                      {product} {ergonomic}
     bool UseCompressedClassPointers               = true                                 {lp64_product} {ergonomic}
     bool UseCompressedOops                        = true                                 {lp64_product} {ergonomic}
     bool UseG1GC                                  = true                                      {product} {ergonomic}
     bool UseLargePagesIndividualAllocation        = false                                  {pd product} {ergonomic}

Logging:
Log output configuration:
 #0: stdout all=warning uptime,level,tags
 #1: stderr all=off uptime,level,tags

Environment Variables:
PATH=C:\Python310\Scripts\;C:\Python310\;C:\Program Files\Common Files\Oracle\Java\javapath;C:\Python39\Scripts\;C:\Python39\;C:\WINDOWS\system32;C:\WINDOWS;C:\WINDOWS\System32\Wbem;C:\WINDOWS\System32\WindowsPowerShell\v1.0\;C:\WINDOWS\System32\OpenSSH\;C:\Program Files\Git\cmd;C:\Program Files (x86)\Microsoft VS Code\bin;C:\ProgramData\chocolatey\bin;C:\Program Files\Thales\Gemalto Document Reader SDK x64\3.7.1.16\Bin;C:\Users\Chris\AppData\Roaming\nvm;C:\Program Files\nodejs;C:\Program Files\nodejs\;C:\Program Files\Microsoft SQL Server\150\Tools\Binn\;C:\Program Files\Microsoft SQL Server\Client SDK\ODBC\170\Tools\Binn\;C:\Program Files\dotnet\;C:\Users\Chris\AppData\Local\Microsoft\WindowsApps;C:\Program Files (x86)\Microsoft VS Code\bin;C:\Users\Chris\AppData\Roaming\nvm;C:\Program Files\nodejs;C:\Users\Chris\AppData\Roaming\npm;C:\Users\Chris\.dotnet\tools
USERNAME=Chris
OS=Windows_NT
PROCESSOR_IDENTIFIER=Intel64 Family 6 Model 94 Stepping 3, GenuineIntel



---------------  S Y S T E M  ---------------

OS: Windows 10 , 64 bit Build 19041 (10.0.19041.1466)

CPU:total 4 (initial active 4) (4 cores per cpu, 1 threads per core) family 6 model 94 stepping 3 microcode 0xcc, cmov, cx8, fxsr, mmx, sse, sse2, sse3, ssse3, sse4.1, sse4.2, popcnt, avx, avx2, aes, clmul, erms, rtm, 3dnowpref, lzcnt, tsc, tscinvbit, bmi1, bmi2, adx, fma

Memory: 4k page, system-wide physical 8144M (2047M free)
TotalPageFile size 11231M (AvailPageFile size 1613M)
current process WorkingSet (physical memory assigned to process): 65M, peak: 88M
current process commit charge ("private bytes"): 294M, peak: 337M

vm_info: Java HotSpot(TM) 64-Bit Server VM (11.0.13+10-LTS-370) for windows-amd64 JRE (11.0.13+10-LTS-370), built on Sep 15 2021 22:10:36 by "mach5one" with MS VC++ 15.9 (VS2017)

END.
