#
# A fatal error has been detected by the Java Runtime Environment:
#
#  EXCEPTION_ACCESS_VIOLATION (0xc0000005) at pc=0x00007fffc41fe910, pid=4552, tid=7060
#
# JRE version: Java(TM) SE Runtime Environment 18.9 (11.0.13+10) (build 11.0.13+10-LTS-370)
# Java VM: Java HotSpot(TM) 64-Bit Server VM 18.9 (11.0.13+10-LTS-370, mixed mode, tiered, compressed oops, g1 gc, windows-amd64)
# Problematic frame:
# V  [jvm.dll+0xfe910]
#
# No core dump will be written. Minidumps are not enabled by default on client versions of Windows
#
# If you would like to submit a bug report, please visit:
#   https://bugreport.java.com/bugreport/crash.jsp
#

---------------  S U M M A R Y ------------

Command Line: -javaagent:C:\Program Files\JetBrains\IntelliJ IDEA Community Edition 2021.3.1\lib\idea_rt.jar=65487:C:\Program Files\JetBrains\IntelliJ IDEA Community Edition 2021.3.1\bin -Dfile.encoding=UTF-8 com.reader.KioskScanner

Host: Intel(R) Core(TM) i5-6500 CPU @ 3.20GHz, 4 cores, 7G,  Windows 10 , 64 bit Build 19041 (10.0.19041.1466)
Time: Fri Jan 21 14:25:47 2022 Central Standard Time elapsed time: 10.462186 seconds (0d 0h 0m 10s)

---------------  T H R E A D  ---------------

Current thread (0x0000024c0cb6b000):  JavaThread "main" [_thread_in_vm, id=7060, stack(0x000000b791700000,0x000000b791800000)]

Stack: [0x000000b791700000,0x000000b791800000],  sp=0x000000b7917ff268,  free space=1020k
Native frames: (J=compiled Java code, j=interpreted, Vv=VM code, C=native code)
V  [jvm.dll+0xfe910]

Java frames: (J=compiled Java code, j=interpreted, Vv=VM code)
j  com.mmm.readers.FullPage.Reader.GetData(Lcom/mmm/readers/FullPage/DataType;[B[I)Lcom/mmm/readers/ErrorCode;+0
j  com.reader.KioskScanner.documentActionPerformed()V+54
j  com.reader.KioskScanner.kioskScanner()V+42
j  com.reader.KioskScanner.main([Ljava/lang/String;)V+9
v  ~StubRoutines::call_stub

siginfo: EXCEPTION_ACCESS_VIOLATION (0xc0000005), reading address 0x0000000000000000


Register to memory mapping:

RIP=0x00007fffc41fe910 jvm.dll
RAX=0x0 is NULL
RBX=0x0000024c0cb6b000 is a thread
RCX=0x0 is NULL
RDX=0x0000000000000006 is an unknown value
RSP=0x000000b7917ff268 is pointing into the stack for thread: 0x0000024c0cb6b000
RBP=0x000000b7917ff300 is pointing into the stack for thread: 0x0000024c0cb6b000
RSI=0x0000024c0cb6b000 is a thread
RDI=0x0 is NULL
R8 =0x0 is NULL
R9 =0x0000000000000002 is an unknown value
R10=0x00007fffc4adfd00 jvm.dll
R11=0x000000b7917ff2a0 is pointing into the stack for thread: 0x0000024c0cb6b000
R12=0x0 is NULL
R13={method} {0x0000024c2a827a10} 'GetData' '(Lcom/mmm/readers/FullPage/DataType;[B[I)Lcom/mmm/readers/ErrorCode;' in 'com/mmm/readers/FullPage/Reader'
R14=0x0 is NULL
R15=0x0000024c0cb6b348 points into unknown readable memory: 0x00007fffc4adfd00 | 00 fd ad c4 ff 7f 00 00


Registers:
RAX=0x0000000000000000, RBX=0x0000024c0cb6b000, RCX=0x0000000000000000, RDX=0x0000000000000006
RSP=0x000000b7917ff268, RBP=0x000000b7917ff300, RSI=0x0000024c0cb6b000, RDI=0x0000000000000000
R8 =0x0000000000000000, R9 =0x0000000000000002, R10=0x00007fffc4adfd00, R11=0x000000b7917ff2a0
R12=0x0000000000000000, R13=0x0000024c2a827a08, R14=0x0000000000000000, R15=0x0000024c0cb6b348
RIP=0x00007fffc41fe910, EFLAGS=0x0000000000010246

Top of Stack: (sp=0x000000b7917ff268)
0x000000b7917ff268:   00007fffc449fafb 0000024c0cb6b000
0x000000b7917ff278:   0000024c2a10e778 000000000cb6b000
0x000000b7917ff288:   0000024c0000000a 000000b7917ff130
0x000000b7917ff298:   0000000000000000 0000024c0cb6b348
0x000000b7917ff2a8:   0000000000000000 0000024c2a827a08
0x000000b7917ff2b8:   0000000000000000 0000024c141a9e40
0x000000b7917ff2c8:   00007ff8055a104c 0000024c0cb6b000
0x000000b7917ff2d8:   0000024c2a827a08 0000024c0cb6b348
0x000000b7917ff2e8:   0000000000000000 0000000000000000
0x000000b7917ff2f8:   00007ff8055a35ad 0000000000000000
0x000000b7917ff308:   000000b7917ff3c0 0000000000000002
0x000000b7917ff318:   0000024c141a9e40 0000024c0cb6b000
0x000000b7917ff328:   0000024c141af2d7 0000024c2a827a08
0x000000b7917ff338:   0000000000000002 0000024c141a9e40
0x000000b7917ff348:   000000b7917ff3f8 000000b7917ff3e0
0x000000b7917ff358:   000000b7917ff3c0 0000000000000002 

Instructions: (pc=0x00007fffc41fe910)
0x00007fffc41fe8f0:   ff e0 cc cc cc cc cc cc cc cc cc cc cc cc cc cc
0x00007fffc41fe900:   8b 05 02 b6 8f 00 c3 cc cc cc cc cc cc cc cc cc
0x00007fffc41fe910:   48 8b 01 c3 cc cc cc cc cc cc cc cc cc cc cc cc
0x00007fffc41fe920:   8b 01 85 c0 75 03 33 c0 c3 8b 0d d9 b5 8f 00 48 


Stack slot to memory mapping:
stack at sp + 0 slots: 0x00007fffc449fafb jvm.dll
stack at sp + 1 slots: 0x0000024c0cb6b000 is a thread
stack at sp + 2 slots: 0x0000024c2a10e778 points into unknown readable memory: 0x2928a474ffff0003 | 03 00 ff ff 74 a4 28 29
stack at sp + 3 slots: 0x000000000cb6b000 is an unknown value
stack at sp + 4 slots: 0x0000024c0000000a is an unknown value
stack at sp + 5 slots: 0x000000b7917ff130 is pointing into the stack for thread: 0x0000024c0cb6b000
stack at sp + 6 slots: 0x0 is NULL
stack at sp + 7 slots: 0x0000024c0cb6b348 points into unknown readable memory: 0x00007fffc4adfd00 | 00 fd ad c4 ff 7f 00 00


---------------  P R O C E S S  ---------------

Threads class SMR info:
_java_thread_list=0x0000024c2adc37f0, length=11, elements={
0x0000024c0cb6b000, 0x0000024c2a24d000, 0x0000024c2a259000, 0x0000024c2abe2800,
0x0000024c2a262000, 0x0000024c2a263000, 0x0000024c2a269000, 0x0000024c2a271000,
0x0000024c2a273800, 0x0000024c2ad16800, 0x0000024c2ad1a000
}

Java Threads: ( => current thread )
=>0x0000024c0cb6b000 JavaThread "main" [_thread_in_vm, id=7060, stack(0x000000b791700000,0x000000b791800000)]
  0x0000024c2a24d000 JavaThread "Reference Handler" daemon [_thread_blocked, id=9504, stack(0x000000b791e00000,0x000000b791f00000)]
  0x0000024c2a259000 JavaThread "Finalizer" daemon [_thread_blocked, id=10156, stack(0x000000b791f00000,0x000000b792000000)]
  0x0000024c2abe2800 JavaThread "Signal Dispatcher" daemon [_thread_blocked, id=9372, stack(0x000000b792000000,0x000000b792100000)]
  0x0000024c2a262000 JavaThread "Attach Listener" daemon [_thread_blocked, id=14688, stack(0x000000b792100000,0x000000b792200000)]
  0x0000024c2a263000 JavaThread "Service Thread" daemon [_thread_blocked, id=14816, stack(0x000000b792200000,0x000000b792300000)]
  0x0000024c2a269000 JavaThread "C2 CompilerThread0" daemon [_thread_blocked, id=6684, stack(0x000000b792300000,0x000000b792400000)]
  0x0000024c2a271000 JavaThread "C1 CompilerThread0" daemon [_thread_blocked, id=12576, stack(0x000000b792400000,0x000000b792500000)]
  0x0000024c2a273800 JavaThread "Sweeper thread" daemon [_thread_blocked, id=15156, stack(0x000000b792500000,0x000000b792600000)]
  0x0000024c2ad16800 JavaThread "Common-Cleaner" daemon [_thread_blocked, id=12292, stack(0x000000b792600000,0x000000b792700000)]
  0x0000024c2ad1a000 JavaThread "Monitor Ctrl-Break" daemon [_thread_in_native, id=13504, stack(0x000000b792700000,0x000000b792800000)]

Other Threads:
  0x0000024c2a229800 VMThread "VM Thread" [stack: 0x000000b791d00000,0x000000b791e00000] [id=15596]
  0x0000024c2aeaa000 WatcherThread [stack: 0x000000b792800000,0x000000b792900000] [id=7552]
  0x0000024c0cb83000 GCTaskThread "GC Thread#0" [stack: 0x000000b791800000,0x000000b791900000] [id=6052]
  0x0000024c0ab9d000 ConcurrentGCThread "G1 Main Marker" [stack: 0x000000b791900000,0x000000b791a00000] [id=12604]
  0x0000024c0cbaf000 ConcurrentGCThread "G1 Conc#0" [stack: 0x000000b791a00000,0x000000b791b00000] [id=13756]
  0x0000024c0cc40000 ConcurrentGCThread "G1 Refine#0" [stack: 0x000000b791b00000,0x000000b791c00000] [id=14252]
  0x0000024c0cc41000 ConcurrentGCThread "G1 Young RemSet Sampling" [stack: 0x000000b791c00000,0x000000b791d00000] [id=5396]

Threads with active compile tasks:

VM state:not at safepoint (normal execution)

VM Mutex/Monitor currently owned by a thread: None

Heap address: 0x0000000080a00000, size: 2038 MB, Compressed Oops mode: 32-bit
Narrow klass base: 0x0000000000000000, Narrow klass shift: 3
Compressed class space size: 1073741824 Address: 0x0000000100000000

Heap:
 garbage-first heap   total 131072K, used 3072K [0x0000000080a00000, 0x0000000100000000)
  region size 1024K, 4 young (4096K), 0 survivors (0K)
 Metaspace       used 7390K, capacity 7529K, committed 7680K, reserved 1056768K
  class space    used 681K, capacity 740K, committed 768K, reserved 1048576K
Heap Regions: E=young(eden), S=young(survivor), O=old, HS=humongous(starts), HC=humongous(continues), CS=collection set, F=free, A=archive, TAMS=top-at-mark-start (previous, next)
|   0|0x0000000080a00000, 0x0000000080a00000, 0x0000000080b00000|  0%| F|  |TAMS 0x0000000080a00000, 0x0000000080a00000| Untracked 
|   1|0x0000000080b00000, 0x0000000080b00000, 0x0000000080c00000|  0%| F|  |TAMS 0x0000000080b00000, 0x0000000080b00000| Untracked 
|   2|0x0000000080c00000, 0x0000000080c00000, 0x0000000080d00000|  0%| F|  |TAMS 0x0000000080c00000, 0x0000000080c00000| Untracked 
|   3|0x0000000080d00000, 0x0000000080d00000, 0x0000000080e00000|  0%| F|  |TAMS 0x0000000080d00000, 0x0000000080d00000| Untracked 
|   4|0x0000000080e00000, 0x0000000080e00000, 0x0000000080f00000|  0%| F|  |TAMS 0x0000000080e00000, 0x0000000080e00000| Untracked 
|   5|0x0000000080f00000, 0x0000000080f00000, 0x0000000081000000|  0%| F|  |TAMS 0x0000000080f00000, 0x0000000080f00000| Untracked 
|   6|0x0000000081000000, 0x0000000081000000, 0x0000000081100000|  0%| F|  |TAMS 0x0000000081000000, 0x0000000081000000| Untracked 
|   7|0x0000000081100000, 0x0000000081100000, 0x0000000081200000|  0%| F|  |TAMS 0x0000000081100000, 0x0000000081100000| Untracked 
|   8|0x0000000081200000, 0x0000000081200000, 0x0000000081300000|  0%| F|  |TAMS 0x0000000081200000, 0x0000000081200000| Untracked 
|   9|0x0000000081300000, 0x0000000081300000, 0x0000000081400000|  0%| F|  |TAMS 0x0000000081300000, 0x0000000081300000| Untracked 
|  10|0x0000000081400000, 0x0000000081400000, 0x0000000081500000|  0%| F|  |TAMS 0x0000000081400000, 0x0000000081400000| Untracked 
|  11|0x0000000081500000, 0x0000000081500000, 0x0000000081600000|  0%| F|  |TAMS 0x0000000081500000, 0x0000000081500000| Untracked 
|  12|0x0000000081600000, 0x0000000081600000, 0x0000000081700000|  0%| F|  |TAMS 0x0000000081600000, 0x0000000081600000| Untracked 
|  13|0x0000000081700000, 0x0000000081700000, 0x0000000081800000|  0%| F|  |TAMS 0x0000000081700000, 0x0000000081700000| Untracked 
|  14|0x0000000081800000, 0x0000000081800000, 0x0000000081900000|  0%| F|  |TAMS 0x0000000081800000, 0x0000000081800000| Untracked 
|  15|0x0000000081900000, 0x0000000081900000, 0x0000000081a00000|  0%| F|  |TAMS 0x0000000081900000, 0x0000000081900000| Untracked 
|  16|0x0000000081a00000, 0x0000000081a00000, 0x0000000081b00000|  0%| F|  |TAMS 0x0000000081a00000, 0x0000000081a00000| Untracked 
|  17|0x0000000081b00000, 0x0000000081b00000, 0x0000000081c00000|  0%| F|  |TAMS 0x0000000081b00000, 0x0000000081b00000| Untracked 
|  18|0x0000000081c00000, 0x0000000081c00000, 0x0000000081d00000|  0%| F|  |TAMS 0x0000000081c00000, 0x0000000081c00000| Untracked 
|  19|0x0000000081d00000, 0x0000000081d00000, 0x0000000081e00000|  0%| F|  |TAMS 0x0000000081d00000, 0x0000000081d00000| Untracked 
|  20|0x0000000081e00000, 0x0000000081e00000, 0x0000000081f00000|  0%| F|  |TAMS 0x0000000081e00000, 0x0000000081e00000| Untracked 
|  21|0x0000000081f00000, 0x0000000081f00000, 0x0000000082000000|  0%| F|  |TAMS 0x0000000081f00000, 0x0000000081f00000| Untracked 
|  22|0x0000000082000000, 0x0000000082000000, 0x0000000082100000|  0%| F|  |TAMS 0x0000000082000000, 0x0000000082000000| Untracked 
|  23|0x0000000082100000, 0x0000000082100000, 0x0000000082200000|  0%| F|  |TAMS 0x0000000082100000, 0x0000000082100000| Untracked 
|  24|0x0000000082200000, 0x0000000082200000, 0x0000000082300000|  0%| F|  |TAMS 0x0000000082200000, 0x0000000082200000| Untracked 
|  25|0x0000000082300000, 0x0000000082300000, 0x0000000082400000|  0%| F|  |TAMS 0x0000000082300000, 0x0000000082300000| Untracked 
|  26|0x0000000082400000, 0x0000000082400000, 0x0000000082500000|  0%| F|  |TAMS 0x0000000082400000, 0x0000000082400000| Untracked 
|  27|0x0000000082500000, 0x0000000082500000, 0x0000000082600000|  0%| F|  |TAMS 0x0000000082500000, 0x0000000082500000| Untracked 
|  28|0x0000000082600000, 0x0000000082600000, 0x0000000082700000|  0%| F|  |TAMS 0x0000000082600000, 0x0000000082600000| Untracked 
|  29|0x0000000082700000, 0x0000000082700000, 0x0000000082800000|  0%| F|  |TAMS 0x0000000082700000, 0x0000000082700000| Untracked 
|  30|0x0000000082800000, 0x0000000082800000, 0x0000000082900000|  0%| F|  |TAMS 0x0000000082800000, 0x0000000082800000| Untracked 
|  31|0x0000000082900000, 0x0000000082900000, 0x0000000082a00000|  0%| F|  |TAMS 0x0000000082900000, 0x0000000082900000| Untracked 
|  32|0x0000000082a00000, 0x0000000082a00000, 0x0000000082b00000|  0%| F|  |TAMS 0x0000000082a00000, 0x0000000082a00000| Untracked 
|  33|0x0000000082b00000, 0x0000000082b00000, 0x0000000082c00000|  0%| F|  |TAMS 0x0000000082b00000, 0x0000000082b00000| Untracked 
|  34|0x0000000082c00000, 0x0000000082c00000, 0x0000000082d00000|  0%| F|  |TAMS 0x0000000082c00000, 0x0000000082c00000| Untracked 
|  35|0x0000000082d00000, 0x0000000082d00000, 0x0000000082e00000|  0%| F|  |TAMS 0x0000000082d00000, 0x0000000082d00000| Untracked 
|  36|0x0000000082e00000, 0x0000000082e00000, 0x0000000082f00000|  0%| F|  |TAMS 0x0000000082e00000, 0x0000000082e00000| Untracked 
|  37|0x0000000082f00000, 0x0000000082f00000, 0x0000000083000000|  0%| F|  |TAMS 0x0000000082f00000, 0x0000000082f00000| Untracked 
|  38|0x0000000083000000, 0x0000000083000000, 0x0000000083100000|  0%| F|  |TAMS 0x0000000083000000, 0x0000000083000000| Untracked 
|  39|0x0000000083100000, 0x0000000083100000, 0x0000000083200000|  0%| F|  |TAMS 0x0000000083100000, 0x0000000083100000| Untracked 
|  40|0x0000000083200000, 0x0000000083200000, 0x0000000083300000|  0%| F|  |TAMS 0x0000000083200000, 0x0000000083200000| Untracked 
|  41|0x0000000083300000, 0x0000000083300000, 0x0000000083400000|  0%| F|  |TAMS 0x0000000083300000, 0x0000000083300000| Untracked 
|  42|0x0000000083400000, 0x0000000083400000, 0x0000000083500000|  0%| F|  |TAMS 0x0000000083400000, 0x0000000083400000| Untracked 
|  43|0x0000000083500000, 0x0000000083500000, 0x0000000083600000|  0%| F|  |TAMS 0x0000000083500000, 0x0000000083500000| Untracked 
|  44|0x0000000083600000, 0x0000000083600000, 0x0000000083700000|  0%| F|  |TAMS 0x0000000083600000, 0x0000000083600000| Untracked 
|  45|0x0000000083700000, 0x0000000083700000, 0x0000000083800000|  0%| F|  |TAMS 0x0000000083700000, 0x0000000083700000| Untracked 
|  46|0x0000000083800000, 0x0000000083800000, 0x0000000083900000|  0%| F|  |TAMS 0x0000000083800000, 0x0000000083800000| Untracked 
|  47|0x0000000083900000, 0x0000000083900000, 0x0000000083a00000|  0%| F|  |TAMS 0x0000000083900000, 0x0000000083900000| Untracked 
|  48|0x0000000083a00000, 0x0000000083a00000, 0x0000000083b00000|  0%| F|  |TAMS 0x0000000083a00000, 0x0000000083a00000| Untracked 
|  49|0x0000000083b00000, 0x0000000083b00000, 0x0000000083c00000|  0%| F|  |TAMS 0x0000000083b00000, 0x0000000083b00000| Untracked 
|  50|0x0000000083c00000, 0x0000000083c00000, 0x0000000083d00000|  0%| F|  |TAMS 0x0000000083c00000, 0x0000000083c00000| Untracked 
|  51|0x0000000083d00000, 0x0000000083d00000, 0x0000000083e00000|  0%| F|  |TAMS 0x0000000083d00000, 0x0000000083d00000| Untracked 
|  52|0x0000000083e00000, 0x0000000083e00000, 0x0000000083f00000|  0%| F|  |TAMS 0x0000000083e00000, 0x0000000083e00000| Untracked 
|  53|0x0000000083f00000, 0x0000000083f00000, 0x0000000084000000|  0%| F|  |TAMS 0x0000000083f00000, 0x0000000083f00000| Untracked 
|  54|0x0000000084000000, 0x0000000084000000, 0x0000000084100000|  0%| F|  |TAMS 0x0000000084000000, 0x0000000084000000| Untracked 
|  55|0x0000000084100000, 0x0000000084100000, 0x0000000084200000|  0%| F|  |TAMS 0x0000000084100000, 0x0000000084100000| Untracked 
|  56|0x0000000084200000, 0x0000000084200000, 0x0000000084300000|  0%| F|  |TAMS 0x0000000084200000, 0x0000000084200000| Untracked 
|  57|0x0000000084300000, 0x0000000084300000, 0x0000000084400000|  0%| F|  |TAMS 0x0000000084300000, 0x0000000084300000| Untracked 
|  58|0x0000000084400000, 0x0000000084400000, 0x0000000084500000|  0%| F|  |TAMS 0x0000000084400000, 0x0000000084400000| Untracked 
|  59|0x0000000084500000, 0x0000000084500000, 0x0000000084600000|  0%| F|  |TAMS 0x0000000084500000, 0x0000000084500000| Untracked 
|  60|0x0000000084600000, 0x0000000084600000, 0x0000000084700000|  0%| F|  |TAMS 0x0000000084600000, 0x0000000084600000| Untracked 
|  61|0x0000000084700000, 0x0000000084700000, 0x0000000084800000|  0%| F|  |TAMS 0x0000000084700000, 0x0000000084700000| Untracked 
|  62|0x0000000084800000, 0x0000000084800000, 0x0000000084900000|  0%| F|  |TAMS 0x0000000084800000, 0x0000000084800000| Untracked 
|  63|0x0000000084900000, 0x0000000084900000, 0x0000000084a00000|  0%| F|  |TAMS 0x0000000084900000, 0x0000000084900000| Untracked 
|  64|0x0000000084a00000, 0x0000000084a00000, 0x0000000084b00000|  0%| F|  |TAMS 0x0000000084a00000, 0x0000000084a00000| Untracked 
|  65|0x0000000084b00000, 0x0000000084b00000, 0x0000000084c00000|  0%| F|  |TAMS 0x0000000084b00000, 0x0000000084b00000| Untracked 
|  66|0x0000000084c00000, 0x0000000084c00000, 0x0000000084d00000|  0%| F|  |TAMS 0x0000000084c00000, 0x0000000084c00000| Untracked 
|  67|0x0000000084d00000, 0x0000000084d00000, 0x0000000084e00000|  0%| F|  |TAMS 0x0000000084d00000, 0x0000000084d00000| Untracked 
|  68|0x0000000084e00000, 0x0000000084e00000, 0x0000000084f00000|  0%| F|  |TAMS 0x0000000084e00000, 0x0000000084e00000| Untracked 
|  69|0x0000000084f00000, 0x0000000084f00000, 0x0000000085000000|  0%| F|  |TAMS 0x0000000084f00000, 0x0000000084f00000| Untracked 
|  70|0x0000000085000000, 0x0000000085000000, 0x0000000085100000|  0%| F|  |TAMS 0x0000000085000000, 0x0000000085000000| Untracked 
|  71|0x0000000085100000, 0x0000000085100000, 0x0000000085200000|  0%| F|  |TAMS 0x0000000085100000, 0x0000000085100000| Untracked 
|  72|0x0000000085200000, 0x0000000085200000, 0x0000000085300000|  0%| F|  |TAMS 0x0000000085200000, 0x0000000085200000| Untracked 
|  73|0x0000000085300000, 0x0000000085300000, 0x0000000085400000|  0%| F|  |TAMS 0x0000000085300000, 0x0000000085300000| Untracked 
|  74|0x0000000085400000, 0x0000000085400000, 0x0000000085500000|  0%| F|  |TAMS 0x0000000085400000, 0x0000000085400000| Untracked 
|  75|0x0000000085500000, 0x0000000085500000, 0x0000000085600000|  0%| F|  |TAMS 0x0000000085500000, 0x0000000085500000| Untracked 
|  76|0x0000000085600000, 0x0000000085600000, 0x0000000085700000|  0%| F|  |TAMS 0x0000000085600000, 0x0000000085600000| Untracked 
|  77|0x0000000085700000, 0x0000000085700000, 0x0000000085800000|  0%| F|  |TAMS 0x0000000085700000, 0x0000000085700000| Untracked 
|  78|0x0000000085800000, 0x0000000085800000, 0x0000000085900000|  0%| F|  |TAMS 0x0000000085800000, 0x0000000085800000| Untracked 
|  79|0x0000000085900000, 0x0000000085900000, 0x0000000085a00000|  0%| F|  |TAMS 0x0000000085900000, 0x0000000085900000| Untracked 
|  80|0x0000000085a00000, 0x0000000085a00000, 0x0000000085b00000|  0%| F|  |TAMS 0x0000000085a00000, 0x0000000085a00000| Untracked 
|  81|0x0000000085b00000, 0x0000000085b00000, 0x0000000085c00000|  0%| F|  |TAMS 0x0000000085b00000, 0x0000000085b00000| Untracked 
|  82|0x0000000085c00000, 0x0000000085c00000, 0x0000000085d00000|  0%| F|  |TAMS 0x0000000085c00000, 0x0000000085c00000| Untracked 
|  83|0x0000000085d00000, 0x0000000085d00000, 0x0000000085e00000|  0%| F|  |TAMS 0x0000000085d00000, 0x0000000085d00000| Untracked 
|  84|0x0000000085e00000, 0x0000000085e00000, 0x0000000085f00000|  0%| F|  |TAMS 0x0000000085e00000, 0x0000000085e00000| Untracked 
|  85|0x0000000085f00000, 0x0000000085f00000, 0x0000000086000000|  0%| F|  |TAMS 0x0000000085f00000, 0x0000000085f00000| Untracked 
|  86|0x0000000086000000, 0x0000000086000000, 0x0000000086100000|  0%| F|  |TAMS 0x0000000086000000, 0x0000000086000000| Untracked 
|  87|0x0000000086100000, 0x0000000086100000, 0x0000000086200000|  0%| F|  |TAMS 0x0000000086100000, 0x0000000086100000| Untracked 
|  88|0x0000000086200000, 0x0000000086200000, 0x0000000086300000|  0%| F|  |TAMS 0x0000000086200000, 0x0000000086200000| Untracked 
|  89|0x0000000086300000, 0x0000000086300000, 0x0000000086400000|  0%| F|  |TAMS 0x0000000086300000, 0x0000000086300000| Untracked 
|  90|0x0000000086400000, 0x0000000086400000, 0x0000000086500000|  0%| F|  |TAMS 0x0000000086400000, 0x0000000086400000| Untracked 
|  91|0x0000000086500000, 0x0000000086500000, 0x0000000086600000|  0%| F|  |TAMS 0x0000000086500000, 0x0000000086500000| Untracked 
|  92|0x0000000086600000, 0x0000000086600000, 0x0000000086700000|  0%| F|  |TAMS 0x0000000086600000, 0x0000000086600000| Untracked 
|  93|0x0000000086700000, 0x0000000086700000, 0x0000000086800000|  0%| F|  |TAMS 0x0000000086700000, 0x0000000086700000| Untracked 
|  94|0x0000000086800000, 0x0000000086800000, 0x0000000086900000|  0%| F|  |TAMS 0x0000000086800000, 0x0000000086800000| Untracked 
|  95|0x0000000086900000, 0x0000000086900000, 0x0000000086a00000|  0%| F|  |TAMS 0x0000000086900000, 0x0000000086900000| Untracked 
|  96|0x0000000086a00000, 0x0000000086a00000, 0x0000000086b00000|  0%| F|  |TAMS 0x0000000086a00000, 0x0000000086a00000| Untracked 
|  97|0x0000000086b00000, 0x0000000086b00000, 0x0000000086c00000|  0%| F|  |TAMS 0x0000000086b00000, 0x0000000086b00000| Untracked 
|  98|0x0000000086c00000, 0x0000000086c00000, 0x0000000086d00000|  0%| F|  |TAMS 0x0000000086c00000, 0x0000000086c00000| Untracked 
|  99|0x0000000086d00000, 0x0000000086d00000, 0x0000000086e00000|  0%| F|  |TAMS 0x0000000086d00000, 0x0000000086d00000| Untracked 
| 100|0x0000000086e00000, 0x0000000086e00000, 0x0000000086f00000|  0%| F|  |TAMS 0x0000000086e00000, 0x0000000086e00000| Untracked 
| 101|0x0000000086f00000, 0x0000000086f00000, 0x0000000087000000|  0%| F|  |TAMS 0x0000000086f00000, 0x0000000086f00000| Untracked 
| 102|0x0000000087000000, 0x0000000087000000, 0x0000000087100000|  0%| F|  |TAMS 0x0000000087000000, 0x0000000087000000| Untracked 
| 103|0x0000000087100000, 0x0000000087100000, 0x0000000087200000|  0%| F|  |TAMS 0x0000000087100000, 0x0000000087100000| Untracked 
| 104|0x0000000087200000, 0x0000000087200000, 0x0000000087300000|  0%| F|  |TAMS 0x0000000087200000, 0x0000000087200000| Untracked 
| 105|0x0000000087300000, 0x0000000087300000, 0x0000000087400000|  0%| F|  |TAMS 0x0000000087300000, 0x0000000087300000| Untracked 
| 106|0x0000000087400000, 0x0000000087400000, 0x0000000087500000|  0%| F|  |TAMS 0x0000000087400000, 0x0000000087400000| Untracked 
| 107|0x0000000087500000, 0x0000000087500000, 0x0000000087600000|  0%| F|  |TAMS 0x0000000087500000, 0x0000000087500000| Untracked 
| 108|0x0000000087600000, 0x0000000087600000, 0x0000000087700000|  0%| F|  |TAMS 0x0000000087600000, 0x0000000087600000| Untracked 
| 109|0x0000000087700000, 0x0000000087700000, 0x0000000087800000|  0%| F|  |TAMS 0x0000000087700000, 0x0000000087700000| Untracked 
| 110|0x0000000087800000, 0x0000000087800000, 0x0000000087900000|  0%| F|  |TAMS 0x0000000087800000, 0x0000000087800000| Untracked 
| 111|0x0000000087900000, 0x0000000087900000, 0x0000000087a00000|  0%| F|  |TAMS 0x0000000087900000, 0x0000000087900000| Untracked 
| 112|0x0000000087a00000, 0x0000000087a00000, 0x0000000087b00000|  0%| F|  |TAMS 0x0000000087a00000, 0x0000000087a00000| Untracked 
| 113|0x0000000087b00000, 0x0000000087b00000, 0x0000000087c00000|  0%| F|  |TAMS 0x0000000087b00000, 0x0000000087b00000| Untracked 
| 114|0x0000000087c00000, 0x0000000087c00000, 0x0000000087d00000|  0%| F|  |TAMS 0x0000000087c00000, 0x0000000087c00000| Untracked 
| 115|0x0000000087d00000, 0x0000000087d00000, 0x0000000087e00000|  0%| F|  |TAMS 0x0000000087d00000, 0x0000000087d00000| Untracked 
| 116|0x0000000087e00000, 0x0000000087e00000, 0x0000000087f00000|  0%| F|  |TAMS 0x0000000087e00000, 0x0000000087e00000| Untracked 
| 117|0x0000000087f00000, 0x0000000087f00000, 0x0000000088000000|  0%| F|  |TAMS 0x0000000087f00000, 0x0000000087f00000| Untracked 
| 118|0x0000000088000000, 0x0000000088000000, 0x0000000088100000|  0%| F|  |TAMS 0x0000000088000000, 0x0000000088000000| Untracked 
| 119|0x0000000088100000, 0x0000000088100000, 0x0000000088200000|  0%| F|  |TAMS 0x0000000088100000, 0x0000000088100000| Untracked 
| 120|0x0000000088200000, 0x0000000088200000, 0x0000000088300000|  0%| F|  |TAMS 0x0000000088200000, 0x0000000088200000| Untracked 
| 121|0x0000000088300000, 0x0000000088300000, 0x0000000088400000|  0%| F|  |TAMS 0x0000000088300000, 0x0000000088300000| Untracked 
| 122|0x0000000088400000, 0x0000000088400000, 0x0000000088500000|  0%| F|  |TAMS 0x0000000088400000, 0x0000000088400000| Untracked 
| 123|0x0000000088500000, 0x0000000088500000, 0x0000000088600000|  0%| F|  |TAMS 0x0000000088500000, 0x0000000088500000| Untracked 
| 124|0x0000000088600000, 0x000000008868fee0, 0x0000000088700000| 56%| E|  |TAMS 0x0000000088600000, 0x0000000088600000| Complete 
| 125|0x0000000088700000, 0x0000000088800000, 0x0000000088800000|100%| E|CS|TAMS 0x0000000088700000, 0x0000000088700000| Complete 
| 126|0x0000000088800000, 0x0000000088900000, 0x0000000088900000|100%| E|CS|TAMS 0x0000000088800000, 0x0000000088800000| Complete 
| 127|0x0000000088900000, 0x0000000088a00000, 0x0000000088a00000|100%| E|CS|TAMS 0x0000000088900000, 0x0000000088900000| Complete 

Card table byte_map: [0x0000024c235a0000,0x0000024c239a0000] _byte_map_base: 0x0000024c2319b000

Marking Bits (Prev, Next): (CMBitMap*) 0x0000024c0ab9c808, (CMBitMap*) 0x0000024c0ab9c840
 Prev Bits: [0x0000024c23da0000, 0x0000024c25d78000)
 Next Bits: [0x0000024c25d80000, 0x0000024c27d58000)

Polling page: 0x0000024c0aa70000

Metaspace:

Usage:
  Non-class:      6.63 MB capacity,     6.55 MB ( 99%) used,    74.40 KB (  1%) free+waste,     5.06 KB ( <1%) overhead. 
      Class:    740.00 KB capacity,   681.09 KB ( 92%) used,    56.53 KB (  8%) free+waste,     2.38 KB ( <1%) overhead. 
       Both:      7.35 MB capacity,     7.22 MB ( 98%) used,   130.93 KB (  2%) free+waste,     7.44 KB ( <1%) overhead. 

Virtual space:
  Non-class space:        8.00 MB reserved,       6.75 MB ( 84%) committed 
      Class space:        1.00 GB reserved,     768.00 KB ( <1%) committed 
             Both:        1.01 GB reserved,       7.50 MB ( <1%) committed 

Chunk freelists:
   Non-Class:  7.38 KB
       Class:  0 bytes
        Both:  7.38 KB

CodeHeap 'non-profiled nmethods': size=120064Kb used=83Kb max_used=83Kb free=119980Kb
 bounds [0x0000024c1bc60000, 0x0000024c1bed0000, 0x0000024c231a0000]
CodeHeap 'profiled nmethods': size=120000Kb used=367Kb max_used=367Kb free=119632Kb
 bounds [0x0000024c14730000, 0x0000024c149a0000, 0x0000024c1bc60000]
CodeHeap 'non-nmethods': size=5696Kb used=1057Kb max_used=1070Kb free=4638Kb
 bounds [0x0000024c141a0000, 0x0000024c14410000, 0x0000024c14730000]
 total_blobs=650 nmethods=299 adapters=263
 compilation: enabled
              stopped_count=0, restarted_count=0
 full_count=0

Compilation events (10 events):
Event: 1.038 Thread 0x0000024c2a271000  295       3       java.util.Collections$UnmodifiableCollection$1::next (10 bytes)
Event: 1.038 Thread 0x0000024c2a271000 nmethod 295 0x0000024c1478b110 code [0x0000024c1478b2c0, 0x0000024c1478b488]
Event: 1.038 Thread 0x0000024c2a271000  296       1       java.util.concurrent.ConcurrentHashMap$MapEntry::getKey (5 bytes)
Event: 1.038 Thread 0x0000024c2a271000 nmethod 296 0x0000024c1bc74090 code [0x0000024c1bc74220, 0x0000024c1bc742d8]
Event: 1.038 Thread 0x0000024c2a271000  298       3       java.lang.String::getChars (54 bytes)
Event: 1.038 Thread 0x0000024c2a269000  299       4       java.lang.AbstractStringBuilder::ensureCapacityInternal (39 bytes)
Event: 1.038 Thread 0x0000024c2a271000 nmethod 298 0x0000024c1478b590 code [0x0000024c1478b780, 0x0000024c1478bc38]
Event: 1.038 Thread 0x0000024c2a271000  297       1       java.util.concurrent.ConcurrentHashMap$MapEntry::getValue (5 bytes)
Event: 1.038 Thread 0x0000024c2a271000 nmethod 297 0x0000024c1bc74390 code [0x0000024c1bc74520, 0x0000024c1bc745d8]
Event: 1.041 Thread 0x0000024c2a269000 nmethod 299 0x0000024c1bc74690 code [0x0000024c1bc74820, 0x0000024c1bc74be8]

GC Heap History (0 events):
No events

Deoptimization events (2 events):
Event: 0.176 Thread 0x0000024c0cb6b000 Uncommon trap: reason=unstable_if action=reinterpret pc=0x0000024c1bc699d8 method=java.lang.String.isLatin1()Z @ 10 c2
Event: 0.199 Thread 0x0000024c0cb6b000 Uncommon trap: reason=unstable_if action=reinterpret pc=0x0000024c1bc6da70 method=java.lang.String.isLatin1()Z @ 10 c2

Classes redefined (0 events):
No events

Internal exceptions (0 events):
No events

Events (10 events):
Event: 1.035 loading class sun/util/resources/Bundles$CacheKeyReference done
Event: 1.035 loading class sun/util/resources/Bundles$BundleReference done
Event: 1.035 loading class sun/util/resources/cldr/TimeZoneNames_en
Event: 1.036 loading class sun/util/resources/cldr/TimeZoneNames_en done
Event: 1.036 loading class sun/util/resources/cldr/TimeZoneNames_en_US
Event: 1.036 loading class sun/util/resources/cldr/TimeZoneNames_en_US done
Event: 1.037 loading class java/util/LinkedHashMap$LinkedKeySet
Event: 1.037 loading class java/util/LinkedHashMap$LinkedKeySet done
Event: 1.037 loading class sun/util/locale/provider/LocaleResources$ResourceReference
Event: 1.037 loading class sun/util/locale/provider/LocaleResources$ResourceReference done


Dynamic libraries:
0x00007ff6cd500000 - 0x00007ff6cd50f000 	C:\Program Files\Java\jdk-11.0.13\bin\java.exe
0x00007ff812230000 - 0x00007ff812425000 	C:\WINDOWS\SYSTEM32\ntdll.dll
0x00007ff810380000 - 0x00007ff81043e000 	C:\WINDOWS\System32\KERNEL32.DLL
0x00007ff80f970000 - 0x00007ff80fc38000 	C:\WINDOWS\System32\KERNELBASE.dll
0x00007ff80fc40000 - 0x00007ff80fd40000 	C:\WINDOWS\System32\ucrtbase.dll
0x00007ff80a960000 - 0x00007ff80a975000 	C:\Program Files\Java\jdk-11.0.13\bin\VCRUNTIME140.dll
0x00007ff80a900000 - 0x00007ff80a918000 	C:\Program Files\Java\jdk-11.0.13\bin\jli.dll
0x00007ff811920000 - 0x00007ff8119ce000 	C:\WINDOWS\System32\ADVAPI32.dll
0x00007ff811bb0000 - 0x00007ff811c4e000 	C:\WINDOWS\System32\msvcrt.dll
0x00007ff812150000 - 0x00007ff8121ec000 	C:\WINDOWS\System32\sechost.dll
0x00007ff811cc0000 - 0x00007ff811de5000 	C:\WINDOWS\System32\RPCRT4.dll
0x00007ff8119d0000 - 0x00007ff811b71000 	C:\WINDOWS\System32\USER32.dll
0x00007ff80ff00000 - 0x00007ff80ff22000 	C:\WINDOWS\System32\win32u.dll
0x00007ff810270000 - 0x00007ff81029b000 	C:\WINDOWS\System32\GDI32.dll
0x00007ffffb680000 - 0x00007ffffb91a000 	C:\WINDOWS\WinSxS\amd64_microsoft.windows.common-controls_6595b64144ccf1df_6.0.19041.1110_none_60b5254171f9507e\COMCTL32.dll
0x00007ff80fd90000 - 0x00007ff80fe9d000 	C:\WINDOWS\System32\gdi32full.dll
0x00007ff810090000 - 0x00007ff81012d000 	C:\WINDOWS\System32\msvcp_win.dll
0x00007ff806360000 - 0x00007ff80636a000 	C:\WINDOWS\SYSTEM32\VERSION.dll
0x00007ff810830000 - 0x00007ff810860000 	C:\WINDOWS\System32\IMM32.DLL
0x00007ff805600000 - 0x00007ff80569b000 	C:\Program Files\Java\jdk-11.0.13\bin\msvcp140.dll
0x00007fffc4100000 - 0x00007fffc4c13000 	C:\Program Files\Java\jdk-11.0.13\bin\server\jvm.dll
0x00007ff810b80000 - 0x00007ff810b88000 	C:\WINDOWS\System32\PSAPI.DLL
0x00007ffffd8a0000 - 0x00007ffffd8a9000 	C:\WINDOWS\SYSTEM32\WSOCK32.dll
0x00007ff811c50000 - 0x00007ff811cbb000 	C:\WINDOWS\System32\WS2_32.dll
0x00007ff806330000 - 0x00007ff806357000 	C:\WINDOWS\SYSTEM32\WINMM.dll
0x00007ff80e240000 - 0x00007ff80e252000 	C:\WINDOWS\SYSTEM32\kernel.appcore.dll
0x00007ff80b620000 - 0x00007ff80b630000 	C:\Program Files\Java\jdk-11.0.13\bin\verify.dll
0x00007ff802b10000 - 0x00007ff802cf4000 	C:\WINDOWS\SYSTEM32\DBGHELP.DLL
0x00007ff802ae0000 - 0x00007ff802b0c000 	C:\WINDOWS\SYSTEM32\dbgcore.DLL
0x00007ff810130000 - 0x00007ff8101b2000 	C:\WINDOWS\System32\bcryptPrimitives.dll
0x00007ff80a8d0000 - 0x00007ff80a8f8000 	C:\Program Files\Java\jdk-11.0.13\bin\java.dll
0x00007ff80a8c0000 - 0x00007ff80a8ca000 	C:\Program Files\Java\jdk-11.0.13\bin\jimage.dll
0x00007ff80a080000 - 0x00007ff80a08e000 	C:\Program Files\Java\jdk-11.0.13\bin\instrument.dll
0x00007ff809cc0000 - 0x00007ff809cd6000 	C:\Program Files\Java\jdk-11.0.13\bin\zip.dll
0x00007ff810cc0000 - 0x00007ff811404000 	C:\WINDOWS\System32\SHELL32.dll
0x00007ff80da00000 - 0x00007ff80e195000 	C:\WINDOWS\SYSTEM32\windows.storage.dll
0x00007ff810440000 - 0x00007ff810795000 	C:\WINDOWS\System32\combase.dll
0x00007ff80f390000 - 0x00007ff80f3be000 	C:\WINDOWS\SYSTEM32\Wldp.dll
0x00007ff8120a0000 - 0x00007ff81214d000 	C:\WINDOWS\System32\SHCORE.dll
0x00007ff812040000 - 0x00007ff812095000 	C:\WINDOWS\System32\shlwapi.dll
0x00007ff80f880000 - 0x00007ff80f89f000 	C:\WINDOWS\SYSTEM32\profapi.dll
0x00007ff809ca0000 - 0x00007ff809cb9000 	C:\Program Files\Java\jdk-11.0.13\bin\net.dll
0x00007ff808870000 - 0x00007ff80897c000 	C:\WINDOWS\SYSTEM32\WINHTTP.dll
0x00007ff80f0f0000 - 0x00007ff80f15a000 	C:\WINDOWS\system32\mswsock.dll
0x00007ff8055e0000 - 0x00007ff8055f2000 	C:\Program Files\Java\jdk-11.0.13\bin\nio.dll
0x00007ff8055c0000 - 0x00007ff8055da000 	C:\Program Files\JetBrains\IntelliJ IDEA Community Edition 2021.3.1\bin\breakgen64.dll
0x00007ff8055a0000 - 0x00007ff8055b5000 	C:\Program Files\Thales\Gemalto Document Reader SDK x64\3.7.1.16\Bin\MMMReaderJava.dll
0x00007ff800530000 - 0x00007ff80053c000 	C:\WINDOWS\SYSTEM32\VCRUNTIME140_1.dll
0x00007fffdcfd0000 - 0x00007fffdd412000 	C:\Program Files\Thales\Gemalto Document Reader SDK x64\3.7.1.16\Bin\MMMReaderHighLevelAPI.dll
0x00007ff810b90000 - 0x00007ff810cba000 	C:\WINDOWS\System32\ole32.dll
0x00007ffff61e0000 - 0x00007ffff6389000 	C:\WINDOWS\WinSxS\amd64_microsoft.windows.gdiplus_6595b64144ccf1df_1.1.19041.1466_none_91a4907ccc87e3b8\gdiplus.dll
0x00007fffdca90000 - 0x00007fffdcfc9000 	C:\Program Files\Thales\Gemalto Document Reader SDK x64\3.7.1.16\Bin\MMMReaderLowLevelAPI.dll
0x00007fffdbd10000 - 0x00007fffdc274000 	C:\WINDOWS\SYSTEM32\mfc140.dll
0x00007ff811df0000 - 0x00007ff811ebd000 	C:\WINDOWS\System32\OLEAUT32.dll
0x00007ffff0360000 - 0x00007ffff03ae000 	C:\WINDOWS\SYSTEM32\CONCRT140.dll
0x00007ff805580000 - 0x00007ff80559a000 	C:\Program Files\Thales\Gemalto Document Reader SDK x64\3.7.1.16\Bin\DeviceDll.dll
0x00007ff8051b0000 - 0x00007ff8051cb000 	C:\Program Files\Thales\Gemalto Document Reader SDK x64\3.7.1.16\Bin\ErrorHandlerDll.dll
0x00007ff811410000 - 0x00007ff811882000 	C:\WINDOWS\System32\SETUPAPI.dll
0x00007ff80fd40000 - 0x00007ff80fd8e000 	C:\WINDOWS\System32\cfgmgr32.dll
0x00007ff80f940000 - 0x00007ff80f967000 	C:\WINDOWS\System32\bcrypt.dll
0x00007fffeff00000 - 0x00007fffeff43000 	C:\WINDOWS\SYSTEM32\WinSCard.dll
0x00007ff80d200000 - 0x00007ff80d29e000 	C:\WINDOWS\SYSTEM32\UxTheme.dll
0x00007ff80e1d0000 - 0x00007ff80e1dd000 	C:\WINDOWS\SYSTEM32\HID.DLL
0x00007ff80f6e0000 - 0x00007ff80f714000 	C:\WINDOWS\SYSTEM32\DEVOBJ.dll
0x00007ff803140000 - 0x00007ff803169000 	C:\Program Files\Thales\Gemalto Document Reader SDK x64\3.7.1.16\Bin\SettingsDll.dll
0x00007ff80fea0000 - 0x00007ff80ff00000 	C:\WINDOWS\System32\WINTRUST.dll
0x00007ff80ff30000 - 0x00007ff810086000 	C:\WINDOWS\System32\CRYPT32.dll
0x00007ff80f520000 - 0x00007ff80f532000 	C:\WINDOWS\SYSTEM32\MSASN1.dll
0x00007fffeb470000 - 0x00007fffeb4c9000 	C:\Program Files\Thales\Gemalto Document Reader SDK x64\3.7.1.16\Bin\ReaderDll.dll
0x00007ff80d7c0000 - 0x00007ff80d7cc000 	C:\WINDOWS\SYSTEM32\WINUSB.DLL
0x00007fffafb10000 - 0x00007fffb1a87000 	C:\Program Files\Thales\Gemalto Document Reader SDK x64\3.7.1.16\Bin\Core_ImageProcess.dll
0x00007ff811ec0000 - 0x00007ff811fd5000 	C:\WINDOWS\System32\MSCTF.dll
0x00007fffe87a0000 - 0x00007fffe87de000 	C:\Program Files\Thales\Gemalto Document Reader SDK x64\3.7.1.16\Bin\ImgDll.dll
0x00007ff805150000 - 0x00007ff805164000 	C:\Program Files\Thales\Gemalto Document Reader SDK x64\3.7.1.16\Bin\DocDetectDll.dll
0x00007ff804d30000 - 0x00007ff804d49000 	C:\Program Files\Thales\Gemalto Document Reader SDK x64\3.7.1.16\Bin\RTDecodeWrapper.dll
0x00007fffe29c0000 - 0x00007fffe2a4d000 	C:\Program Files\Thales\Gemalto Document Reader SDK x64\3.7.1.16\Bin\OCRDll.dll
0x00007fffe2110000 - 0x00007fffe216b000 	C:\Program Files\Thales\Gemalto Document Reader SDK x64\3.7.1.16\Bin\ParserDll.dll
0x00007fffe0bb0000 - 0x00007fffe0c2e000 	C:\Program Files\Thales\Gemalto Document Reader SDK x64\3.7.1.16\Bin\eDataValidation.dll
0x00007fffdc6a0000 - 0x00007fffdc9f9000 	C:\Program Files\Thales\Gemalto Document Reader SDK x64\3.7.1.16\Bin\rt_libeay32.dll
0x00007fffdc590000 - 0x00007fffdc695000 	C:\Program Files\Thales\Gemalto Document Reader SDK x64\3.7.1.16\Bin\RTePassportAPI_EAC.dll
0x00007fffdc3c0000 - 0x00007fffdc4be000 	C:\Program Files\Thales\Gemalto Document Reader SDK x64\3.7.1.16\Plugins\RTDECODE_1DBarcodes.dll
0x00007fffeb3d0000 - 0x00007fffeb3f7000 	C:\Program Files\Thales\Gemalto Document Reader SDK x64\3.7.1.16\Plugins\RTDecodeHelper.dll
0x00007fffbf500000 - 0x00007fffc015f000 	C:\Program Files\Thales\Gemalto Document Reader SDK x64\3.7.1.16\Plugins\bc_Module.dll
0x00007fffdbc10000 - 0x00007fffdbd09000 	C:\Program Files\Thales\Gemalto Document Reader SDK x64\3.7.1.16\Plugins\RTDECODE_AztecCode.dll
0x00007fffdba40000 - 0x00007fffdbc0b000 	C:\Program Files\Thales\Gemalto Document Reader SDK x64\3.7.1.16\Plugins\RTDECODE_DataMatrix.dll
0x00007fffd3830000 - 0x00007fffd3eb0000 	C:\Program Files\Thales\Gemalto Document Reader SDK x64\3.7.1.16\Plugins\RTDECODE_PDF417.dll
0x00007fffd30c0000 - 0x00007fffd32cf000 	C:\Program Files\Thales\Gemalto Document Reader SDK x64\3.7.1.16\Plugins\RTDECODE_QRCode.dll
0x00007ff807850000 - 0x00007ff807a04000 	C:\WINDOWS\SYSTEM32\WindowsCodecs.dll

dbghelp: loaded successfully - version: 4.0.5 - missing functions: none
symbol engine: initialized successfully - sym options: 0x614 - pdb path: .;C:\Program Files\Java\jdk-11.0.13\bin;C:\WINDOWS\SYSTEM32;C:\WINDOWS\WinSxS\amd64_microsoft.windows.common-controls_6595b64144ccf1df_6.0.19041.1110_none_60b5254171f9507e;C:\Program Files\Java\jdk-11.0.13\bin\server;C:\Program Files\JetBrains\IntelliJ IDEA Community Edition 2021.3.1\bin;C:\Program Files\Thales\Gemalto Document Reader SDK x64\3.7.1.16\Bin;C:\WINDOWS\WinSxS\amd64_microsoft.windows.gdiplus_6595b64144ccf1df_1.1.19041.1466_none_91a4907ccc87e3b8;C:\Program Files\Thales\Gemalto Document Reader SDK x64\3.7.1.16\Plugins

VM Arguments:
jvm_args: -javaagent:C:\Program Files\JetBrains\IntelliJ IDEA Community Edition 2021.3.1\lib\idea_rt.jar=65487:C:\Program Files\JetBrains\IntelliJ IDEA Community Edition 2021.3.1\bin -Dfile.encoding=UTF-8 
java_command: com.reader.KioskScanner
java_class_path (initial): C:\Users\Chris\Compoze\Scanner-example\out\production\Scanner-example;C:\Program Files\Thales\Gemalto Document Reader SDK x64\3.7.1.16\SDK\Libraries\mmmreader.jar
Launcher Type: SUN_STANDARD

[Global flags]
     intx CICompilerCount                          = 3                                         {product} {ergonomic}
     uint ConcGCThreads                            = 1                                         {product} {ergonomic}
     uint G1ConcRefinementThreads                  = 4                                         {product} {ergonomic}
   size_t G1HeapRegionSize                         = 1048576                                   {product} {ergonomic}
    uintx GCDrainStackTargetSize                   = 64                                        {product} {ergonomic}
   size_t InitialHeapSize                          = 134217728                                 {product} {ergonomic}
   size_t MarkStackSize                            = 4194304                                   {product} {ergonomic}
   size_t MaxHeapSize                              = 2136997888                                {product} {ergonomic}
   size_t MaxNewSize                               = 1281359872                                {product} {ergonomic}
   size_t MinHeapDeltaBytes                        = 1048576                                   {product} {ergonomic}
    uintx NonNMethodCodeHeapSize                   = 5830732                                {pd product} {ergonomic}
    uintx NonProfiledCodeHeapSize                  = 122913754                              {pd product} {ergonomic}
    uintx ProfiledCodeHeapSize                     = 122913754                              {pd product} {ergonomic}
    uintx ReservedCodeCacheSize                    = 251658240                              {pd product} {ergonomic}
     bool SegmentedCodeCache                       = true                                      {product} {ergonomic}
     bool UseCompressedClassPointers               = true                                 {lp64_product} {ergonomic}
     bool UseCompressedOops                        = true                                 {lp64_product} {ergonomic}
     bool UseG1GC                                  = true                                      {product} {ergonomic}
     bool UseLargePagesIndividualAllocation        = false                                  {pd product} {ergonomic}

Logging:
Log output configuration:
 #0: stdout all=warning uptime,level,tags
 #1: stderr all=off uptime,level,tags

Environment Variables:
PATH=C:\Python310\Scripts\;C:\Python310\;C:\Program Files\Common Files\Oracle\Java\javapath;C:\Python39\Scripts\;C:\Python39\;C:\WINDOWS\system32;C:\WINDOWS;C:\WINDOWS\System32\Wbem;C:\WINDOWS\System32\WindowsPowerShell\v1.0\;C:\WINDOWS\System32\OpenSSH\;C:\Program Files\Git\cmd;C:\Program Files (x86)\Microsoft VS Code\bin;C:\ProgramData\chocolatey\bin;C:\Program Files\Thales\Gemalto Document Reader SDK x64\3.7.1.16\Bin;C:\Users\Chris\AppData\Roaming\nvm;C:\Program Files\nodejs;C:\Program Files\nodejs\;C:\Program Files\Microsoft SQL Server\150\Tools\Binn\;C:\Program Files\Microsoft SQL Server\Client SDK\ODBC\170\Tools\Binn\;C:\Program Files\dotnet\;C:\Users\Chris\AppData\Local\Microsoft\WindowsApps;C:\Program Files (x86)\Microsoft VS Code\bin;C:\Users\Chris\AppData\Roaming\nvm;C:\Program Files\nodejs;C:\Users\Chris\AppData\Roaming\npm;C:\Users\Chris\.dotnet\tools
USERNAME=Chris
OS=Windows_NT
PROCESSOR_IDENTIFIER=Intel64 Family 6 Model 94 Stepping 3, GenuineIntel



---------------  S Y S T E M  ---------------

OS: Windows 10 , 64 bit Build 19041 (10.0.19041.1466)

CPU:total 4 (initial active 4) (4 cores per cpu, 1 threads per core) family 6 model 94 stepping 3 microcode 0xcc, cmov, cx8, fxsr, mmx, sse, sse2, sse3, ssse3, sse4.1, sse4.2, popcnt, avx, avx2, aes, clmul, erms, rtm, 3dnowpref, lzcnt, tsc, tscinvbit, bmi1, bmi2, adx, fma

Memory: 4k page, system-wide physical 8144M (3100M free)
TotalPageFile size 11231M (AvailPageFile size 1539M)
current process WorkingSet (physical memory assigned to process): 60M, peak: 87M
current process commit charge ("private bytes"): 291M, peak: 335M

vm_info: Java HotSpot(TM) 64-Bit Server VM (11.0.13+10-LTS-370) for windows-amd64 JRE (11.0.13+10-LTS-370), built on Sep 15 2021 22:10:36 by "mach5one" with MS VC++ 15.9 (VS2017)

END.
